[ 2018-12-27T15:43:09+08:00 ] ::1 /ActivityManage/index.php/Student
INFO: [ app_init ] --START--
INFO: Run Behavior\BuildLiteBehavior [ RunTime:0.000015s ]
INFO: [ app_init ] --END-- [ RunTime:0.000425s ]

[ 2018-12-27T15:44:05+08:00 ] ::1 /ActivityManage/index.php/Student
INFO: [ app_init ] --START--
INFO: Run Behavior\BuildLiteBehavior [ RunTime:0.000014s ]
INFO: [ app_init ] --END-- [ RunTime:0.000326s ]

[ 2018-12-27T15:45:56+08:00 ] ::1 /ActivityManage/index.php/Student
INFO: [ app_init ] --START--
INFO: Run Behavior\BuildLiteBehavior [ RunTime:0.000014s ]
INFO: [ app_init ] --END-- [ RunTime:0.000427s ]

[ 2018-12-27T15:46:02+08:00 ] ::1 /ActivityManage/index.php/Student/Login
INFO: [ app_init ] --START--
INFO: Run Behavior\BuildLiteBehavior [ RunTime:0.000025s ]
INFO: [ app_init ] --END-- [ RunTime:0.000470s ]

[ 2018-12-27T15:46:03+08:00 ] ::1 /ActivityManage/index.php/Student/favicon.ico
INFO: [ app_init ] --START--
INFO: Run Behavior\BuildLiteBehavior [ RunTime:0.000076s ]
INFO: [ app_init ] --END-- [ RunTime:0.001364s ]

[ 2018-12-27T15:46:07+08:00 ] ::1 /ActivityManage/index.php/Student
INFO: [ app_init ] --START--
INFO: Run Behavior\BuildLiteBehavior [ RunTime:0.000014s ]
INFO: [ app_init ] --END-- [ RunTime:0.000329s ]

[ 2018-12-27T15:49:07+08:00 ] ::1 /ActivityManage/index.php/Student
INFO: [ app_init ] --START--
INFO: Run Behavior\BuildLiteBehavior [ RunTime:0.000013s ]
INFO: [ app_init ] --END-- [ RunTime:0.000334s ]

[ 2018-12-27T15:50:53+08:00 ] ::1 /ActivityManage/index.php/Student/Index/index.html
INFO: [ app_init ] --START--
INFO: Run Behavior\BuildLiteBehavior [ RunTime:0.000015s ]
INFO: [ app_init ] --END-- [ RunTime:0.000342s ]

[ 2018-12-27T15:50:53+08:00 ] ::1 /ActivityManage/index.php/Student/Index/js/raphael-min.js
INFO: [ app_init ] --START--
INFO: Run Behavior\BuildLiteBehavior [ RunTime:0.000027s ]
INFO: [ app_init ] --END-- [ RunTime:0.000671s ]
ERR: 非法操作:js

[ 2018-12-27T15:50:53+08:00 ] ::1 /ActivityManage/index.php/Student/Index/js/raphael-min.js
INFO: [ app_init ] --START--
INFO: Run Behavior\BuildLiteBehavior [ RunTime:0.000028s ]
INFO: [ app_init ] --END-- [ RunTime:0.000559s ]
ERR: 非法操作:js

[ 2018-12-27T15:51:27+08:00 ] ::1 /ActivityManage/index.php/Student/Index/index.html
INFO: [ app_init ] --START--
INFO: Run Behavior\BuildLiteBehavior [ RunTime:0.000024s ]
INFO: [ app_init ] --END-- [ RunTime:0.000806s ]

[ 2018-12-27T15:51:27+08:00 ] ::1 /ActivityManage/index.php/Student/login/index.html
INFO: [ app_init ] --START--
INFO: Run Behavior\BuildLiteBehavior [ RunTime:0.000041s ]
INFO: [ app_init ] --END-- [ RunTime:0.000662s ]

[ 2018-12-27T15:51:28+08:00 ] ::1 /ActivityManage/index.php/Student/login/favicon.ico
INFO: [ app_init ] --START--
INFO: Run Behavior\BuildLiteBehavior [ RunTime:0.000018s ]
INFO: [ app_init ] --END-- [ RunTime:0.000549s ]

[ 2018-12-27T15:51:33+08:00 ] ::1 /ActivityManage/index.php/Student/Login/Login_check?kind=%27paper_system%27
INFO: [ app_init ] --START--
INFO: Run Behavior\BuildLiteBehavior [ RunTime:0.000014s ]
INFO: [ app_init ] --END-- [ RunTime:0.000331s ]

[ 2018-12-27T15:51:34+08:00 ] ::1 /ActivityManage/index.php/Student/Index/index.html
INFO: [ app_init ] --START--
INFO: Run Behavior\BuildLiteBehavior [ RunTime:0.000024s ]
INFO: [ app_init ] --END-- [ RunTime:0.000598s ]

[ 2018-12-27T15:51:34+08:00 ] ::1 /ActivityManage/index.php/Student/Index/js/raphael-min.js
INFO: [ app_init ] --START--
INFO: Run Behavior\BuildLiteBehavior [ RunTime:0.000026s ]
INFO: [ app_init ] --END-- [ RunTime:0.001815s ]
ERR: 非法操作:js

[ 2018-12-27T15:51:34+08:00 ] ::1 /ActivityManage/index.php/Student/Index/js/raphael-min.js
INFO: [ app_init ] --START--
INFO: Run Behavior\BuildLiteBehavior [ RunTime:0.000014s ]
INFO: [ app_init ] --END-- [ RunTime:0.000331s ]
ERR: 非法操作:js

[ 2018-12-27T15:51:36+08:00 ] ::1 /ActivityManage/index.php/Student/Activity/applyActivity
INFO: [ app_init ] --START--
INFO: Run Behavior\BuildLiteBehavior [ RunTime:0.000014s ]
INFO: [ app_init ] --END-- [ RunTime:0.000325s ]

[ 2018-12-27T15:51:36+08:00 ] ::1 /ActivityManage/index.php/Student/Activity/js/raphael-min.js
INFO: [ app_init ] --START--
INFO: Run Behavior\BuildLiteBehavior [ RunTime:0.000037s ]
INFO: [ app_init ] --END-- [ RunTime:0.001005s ]
ERR: 非法操作:js

[ 2018-12-27T15:51:37+08:00 ] ::1 /ActivityManage/index.php/Student/Activity/js/raphael-min.js
INFO: [ app_init ] --START--
INFO: Run Behavior\BuildLiteBehavior [ RunTime:0.000017s ]
INFO: [ app_init ] --END-- [ RunTime:0.000354s ]
ERR: 非法操作:js

[ 2018-12-27T15:51:37+08:00 ] ::1 /ActivityManage/index.php/Student/Activity/showJoin?id=1
INFO: [ app_init ] --START--
INFO: Run Behavior\BuildLiteBehavior [ RunTime:0.000014s ]
INFO: [ app_init ] --END-- [ RunTime:0.000324s ]

[ 2018-12-27T15:51:37+08:00 ] ::1 /ActivityManage/index.php/Student/Activity/js/raphael-min.js
INFO: [ app_init ] --START--
INFO: Run Behavior\BuildLiteBehavior [ RunTime:0.000027s ]
INFO: [ app_init ] --END-- [ RunTime:0.000603s ]
ERR: 非法操作:js

[ 2018-12-27T15:51:38+08:00 ] ::1 /ActivityManage/index.php/Student/Activity/js/raphael-min.js
INFO: [ app_init ] --START--
INFO: Run Behavior\BuildLiteBehavior [ RunTime:0.000021s ]
INFO: [ app_init ] --END-- [ RunTime:0.000444s ]
ERR: 非法操作:js

[ 2018-12-27T15:51:39+08:00 ] ::1 /ActivityManage/index.php/Student/Activity/showActivity
INFO: [ app_init ] --START--
INFO: Run Behavior\BuildLiteBehavior [ RunTime:0.000015s ]
INFO: [ app_init ] --END-- [ RunTime:0.000357s ]

[ 2018-12-27T15:51:39+08:00 ] ::1 /ActivityManage/index.php/Student/Activity/js/raphael-min.js
INFO: [ app_init ] --START--
INFO: Run Behavior\BuildLiteBehavior [ RunTime:0.000016s ]
INFO: [ app_init ] --END-- [ RunTime:0.000363s ]
ERR: 非法操作:js

[ 2018-12-27T15:51:39+08:00 ] ::1 /ActivityManage/index.php/Student/Activity/js/raphael-min.js
INFO: [ app_init ] --START--
INFO: Run Behavior\BuildLiteBehavior [ RunTime:0.000016s ]
INFO: [ app_init ] --END-- [ RunTime:0.000631s ]
ERR: 非法操作:js

[ 2018-12-27T15:51:44+08:00 ] ::1 /ActivityManage/index.php/Student/Index/logout
INFO: [ app_init ] --START--
INFO: Run Behavior\BuildLiteBehavior [ RunTime:0.000016s ]
INFO: [ app_init ] --END-- [ RunTime:0.000708s ]

[ 2018-12-27T15:51:45+08:00 ] ::1 /ActivityManage/index.php/Student/Activity/showActivity
INFO: [ app_init ] --START--
INFO: Run Behavior\BuildLiteBehavior [ RunTime:0.000021s ]
INFO: [ app_init ] --END-- [ RunTime:0.000471s ]

[ 2018-12-27T15:51:45+08:00 ] ::1 /ActivityManage/index.php/Student/login/index.html
INFO: [ app_init ] --START--
INFO: Run Behavior\BuildLiteBehavior [ RunTime:0.000040s ]
INFO: [ app_init ] --END-- [ RunTime:0.000457s ]

[ 2018-12-27T15:59:34+08:00 ] ::1 /ActivityManage/index.php/Student/login/index.html
INFO: [ app_init ] --START--
INFO: Run Behavior\BuildLiteBehavior [ RunTime:0.000015s ]
INFO: [ app_init ] --END-- [ RunTime:0.000428s ]

[ 2018-12-27T15:59:34+08:00 ] ::1 /ActivityManage/index.php/Student/login/favicon.ico
INFO: [ app_init ] --START--
INFO: Run Behavior\BuildLiteBehavior [ RunTime:0.000026s ]
INFO: [ app_init ] --END-- [ RunTime:0.000703s ]

[ 2018-12-27T15:59:38+08:00 ] ::1 /ActivityManage/index.php/Student/Login/Login_check?kind=%27paper_system%27
INFO: [ app_init ] --START--
INFO: Run Behavior\BuildLiteBehavior [ RunTime:0.000015s ]
INFO: [ app_init ] --END-- [ RunTime:0.000415s ]

[ 2018-12-27T15:59:45+08:00 ] ::1 /ActivityManage/index.php/Student/Login/Login_check?kind=%27paper_system%27
INFO: [ app_init ] --START--
INFO: Run Behavior\BuildLiteBehavior [ RunTime:0.000040s ]
INFO: [ app_init ] --END-- [ RunTime:0.000628s ]

[ 2018-12-27T15:59:46+08:00 ] ::1 /ActivityManage/index.php/Student/Index/index.html
INFO: [ app_init ] --START--
INFO: Run Behavior\BuildLiteBehavior [ RunTime:0.000016s ]
INFO: [ app_init ] --END-- [ RunTime:0.000371s ]

[ 2018-12-27T15:59:46+08:00 ] ::1 /ActivityManage/index.php/Student/Index/js/raphael-min.js
INFO: [ app_init ] --START--
INFO: Run Behavior\BuildLiteBehavior [ RunTime:0.000034s ]
INFO: [ app_init ] --END-- [ RunTime:0.000704s ]
ERR: 非法操作:js

[ 2018-12-27T15:59:46+08:00 ] ::1 /ActivityManage/index.php/Student/Index/js/raphael-min.js
INFO: [ app_init ] --START--
INFO: Run Behavior\BuildLiteBehavior [ RunTime:0.000014s ]
INFO: [ app_init ] --END-- [ RunTime:0.000371s ]
ERR: 非法操作:js

[ 2018-12-27T15:59:48+08:00 ] ::1 /ActivityManage/index.php/Student/Activity/applyActivity
INFO: [ app_init ] --START--
INFO: Run Behavior\BuildLiteBehavior [ RunTime:0.000015s ]
INFO: [ app_init ] --END-- [ RunTime:0.000387s ]

[ 2018-12-27T15:59:48+08:00 ] ::1 /ActivityManage/index.php/Student/Activity/js/raphael-min.js
INFO: [ app_init ] --START--
INFO: Run Behavior\BuildLiteBehavior [ RunTime:0.000018s ]
INFO: [ app_init ] --END-- [ RunTime:0.000566s ]
ERR: 非法操作:js

[ 2018-12-27T15:59:48+08:00 ] ::1 /ActivityManage/index.php/Student/Activity/js/raphael-min.js
INFO: [ app_init ] --START--
INFO: Run Behavior\BuildLiteBehavior [ RunTime:0.000014s ]
INFO: [ app_init ] --END-- [ RunTime:0.000349s ]
ERR: 非法操作:js

[ 2018-12-27T15:59:48+08:00 ] ::1 /ActivityManage/index.php/Student/Activity/showJoin?id=1
INFO: [ app_init ] --START--
INFO: Run Behavior\BuildLiteBehavior [ RunTime:0.000030s ]
INFO: [ app_init ] --END-- [ RunTime:0.000724s ]

[ 2018-12-27T15:59:48+08:00 ] ::1 /ActivityManage/index.php/Student/Activity/js/raphael-min.js
INFO: [ app_init ] --START--
INFO: Run Behavior\BuildLiteBehavior [ RunTime:0.000023s ]
INFO: [ app_init ] --END-- [ RunTime:0.000598s ]
ERR: 非法操作:js

[ 2018-12-27T15:59:48+08:00 ] ::1 /ActivityManage/index.php/Student/Activity/js/raphael-min.js
INFO: [ app_init ] --START--
INFO: Run Behavior\BuildLiteBehavior [ RunTime:0.000040s ]
INFO: [ app_init ] --END-- [ RunTime:0.000515s ]
ERR: 非法操作:js

[ 2018-12-27T15:59:49+08:00 ] ::1 /ActivityManage/index.php/Student/Activity/showActivity
INFO: [ app_init ] --START--
INFO: Run Behavior\BuildLiteBehavior [ RunTime:0.000018s ]
INFO: [ app_init ] --END-- [ RunTime:0.000416s ]

[ 2018-12-27T15:59:49+08:00 ] ::1 /ActivityManage/index.php/Student/Activity/js/raphael-min.js
INFO: [ app_init ] --START--
INFO: Run Behavior\BuildLiteBehavior [ RunTime:0.000021s ]
INFO: [ app_init ] --END-- [ RunTime:0.000425s ]
ERR: 非法操作:js

[ 2018-12-27T15:59:49+08:00 ] ::1 /ActivityManage/index.php/Student/Activity/js/raphael-min.js
INFO: [ app_init ] --START--
INFO: Run Behavior\BuildLiteBehavior [ RunTime:0.000013s ]
INFO: [ app_init ] --END-- [ RunTime:0.000359s ]
ERR: 非法操作:js

[ 2018-12-27T16:00:45+08:00 ] ::1 /ActivityManage/Student
INFO: [ app_init ] --START--
INFO: Run Behavior\BuildLiteBehavior [ RunTime:0.000048s ]
INFO: [ app_init ] --END-- [ RunTime:0.000693s ]

[ 2018-12-27T16:00:51+08:00 ] ::1 /ActivityManage/index.php/Student/Index/logout
INFO: [ app_init ] --START--
INFO: Run Behavior\BuildLiteBehavior [ RunTime:0.000014s ]
INFO: [ app_init ] --END-- [ RunTime:0.000340s ]

[ 2018-12-27T16:00:52+08:00 ] ::1 /ActivityManage/Student
INFO: [ app_init ] --START--
INFO: Run Behavior\BuildLiteBehavior [ RunTime:0.000024s ]
INFO: [ app_init ] --END-- [ RunTime:0.000639s ]

[ 2018-12-27T16:00:52+08:00 ] ::1 /ActivityManage/index.php/Student/login/index.html
INFO: [ app_init ] --START--
INFO: Run Behavior\BuildLiteBehavior [ RunTime:0.000014s ]
INFO: [ app_init ] --END-- [ RunTime:0.000324s ]

[ 2018-12-27T16:01:05+08:00 ] ::1 /ActivityManage/index.php/Student/Login/Login_check?kind=%27paper_system%27
INFO: [ app_init ] --START--
INFO: Run Behavior\BuildLiteBehavior [ RunTime:0.000014s ]
INFO: [ app_init ] --END-- [ RunTime:0.000333s ]

[ 2018-12-27T16:01:06+08:00 ] ::1 /ActivityManage/index.php/Student/Index/index.html
INFO: [ app_init ] --START--
INFO: Run Behavior\BuildLiteBehavior [ RunTime:0.000038s ]
INFO: [ app_init ] --END-- [ RunTime:0.000802s ]

[ 2018-12-27T16:01:06+08:00 ] ::1 /ActivityManage/index.php/Student/Index/js/raphael-min.js
INFO: [ app_init ] --START--
INFO: Run Behavior\BuildLiteBehavior [ RunTime:0.000015s ]
INFO: [ app_init ] --END-- [ RunTime:0.000412s ]
ERR: 非法操作:js

[ 2018-12-27T16:01:06+08:00 ] ::1 /ActivityManage/index.php/Student/Index/js/raphael-min.js
INFO: [ app_init ] --START--
INFO: Run Behavior\BuildLiteBehavior [ RunTime:0.000023s ]
INFO: [ app_init ] --END-- [ RunTime:0.000631s ]
ERR: 非法操作:js

[ 2018-12-27T16:01:09+08:00 ] ::1 /ActivityManage/index.php/Student/Activity/showJoin?id=8
INFO: [ app_init ] --START--
INFO: Run Behavior\BuildLiteBehavior [ RunTime:0.000015s ]
INFO: [ app_init ] --END-- [ RunTime:0.000338s ]

[ 2018-12-27T16:01:09+08:00 ] ::1 /ActivityManage/index.php/Student/Activity/js/raphael-min.js
INFO: [ app_init ] --START--
INFO: Run Behavior\BuildLiteBehavior [ RunTime:0.000014s ]
INFO: [ app_init ] --END-- [ RunTime:0.000344s ]
ERR: 非法操作:js

[ 2018-12-27T16:01:09+08:00 ] ::1 /ActivityManage/index.php/Student/Activity/js/raphael-min.js
INFO: [ app_init ] --START--
INFO: Run Behavior\BuildLiteBehavior [ RunTime:0.000014s ]
INFO: [ app_init ] --END-- [ RunTime:0.000347s ]
ERR: 非法操作:js

[ 2018-12-27T16:01:10+08:00 ] ::1 /ActivityManage/index.php/Student/Activity/showActivity
INFO: [ app_init ] --START--
INFO: Run Behavior\BuildLiteBehavior [ RunTime:0.000015s ]
INFO: [ app_init ] --END-- [ RunTime:0.000367s ]

[ 2018-12-27T16:01:10+08:00 ] ::1 /ActivityManage/index.php/Student/Activity/js/raphael-min.js
INFO: [ app_init ] --START--
INFO: Run Behavior\BuildLiteBehavior [ RunTime:0.000022s ]
INFO: [ app_init ] --END-- [ RunTime:0.000391s ]
ERR: 非法操作:js

[ 2018-12-27T16:01:10+08:00 ] ::1 /ActivityManage/index.php/Student/Activity/js/raphael-min.js
INFO: [ app_init ] --START--
INFO: Run Behavior\BuildLiteBehavior [ RunTime:0.000015s ]
INFO: [ app_init ] --END-- [ RunTime:0.000338s ]
ERR: 非法操作:js

[ 2018-12-27T16:01:10+08:00 ] ::1 /ActivityManage/index.php/Student/Activity/showJoin?id=8
INFO: [ app_init ] --START--
INFO: Run Behavior\BuildLiteBehavior [ RunTime:0.000015s ]
INFO: [ app_init ] --END-- [ RunTime:0.000362s ]

[ 2018-12-27T16:01:10+08:00 ] ::1 /ActivityManage/index.php/Student/Activity/js/raphael-min.js
INFO: [ app_init ] --START--
INFO: Run Behavior\BuildLiteBehavior [ RunTime:0.000024s ]
INFO: [ app_init ] --END-- [ RunTime:0.000506s ]
ERR: 非法操作:js

[ 2018-12-27T16:01:11+08:00 ] ::1 /ActivityManage/index.php/Student/Activity/js/raphael-min.js
INFO: [ app_init ] --START--
INFO: Run Behavior\BuildLiteBehavior [ RunTime:0.000014s ]
INFO: [ app_init ] --END-- [ RunTime:0.000344s ]
ERR: 非法操作:js

[ 2018-12-27T16:01:14+08:00 ] ::1 /ActivityManage/index.php/Student/Activity/showJoin?id=8
INFO: [ app_init ] --START--
INFO: Run Behavior\BuildLiteBehavior [ RunTime:0.000013s ]
INFO: [ app_init ] --END-- [ RunTime:0.000337s ]

[ 2018-12-27T16:01:14+08:00 ] ::1 /ActivityManage/index.php/Student/Activity/js/raphael-min.js
INFO: [ app_init ] --START--
INFO: Run Behavior\BuildLiteBehavior [ RunTime:0.000015s ]
INFO: [ app_init ] --END-- [ RunTime:0.000355s ]
ERR: 非法操作:js

[ 2018-12-27T16:01:14+08:00 ] ::1 /ActivityManage/index.php/Student/Activity/js/raphael-min.js
INFO: [ app_init ] --START--
INFO: Run Behavior\BuildLiteBehavior [ RunTime:0.000014s ]
INFO: [ app_init ] --END-- [ RunTime:0.000353s ]
ERR: 非法操作:js

[ 2018-12-27T16:01:14+08:00 ] ::1 /ActivityManage/index.php/Student/Activity/showActivity
INFO: [ app_init ] --START--
INFO: Run Behavior\BuildLiteBehavior [ RunTime:0.000015s ]
INFO: [ app_init ] --END-- [ RunTime:0.000372s ]

[ 2018-12-27T16:01:14+08:00 ] ::1 /ActivityManage/index.php/Student/Activity/js/raphael-min.js
INFO: [ app_init ] --START--
INFO: Run Behavior\BuildLiteBehavior [ RunTime:0.000024s ]
INFO: [ app_init ] --END-- [ RunTime:0.000642s ]
ERR: 非法操作:js

[ 2018-12-27T16:01:14+08:00 ] ::1 /ActivityManage/index.php/Student/Activity/js/raphael-min.js
INFO: [ app_init ] --START--
INFO: Run Behavior\BuildLiteBehavior [ RunTime:0.000023s ]
INFO: [ app_init ] --END-- [ RunTime:0.000568s ]
ERR: 非法操作:js

[ 2018-12-27T16:01:33+08:00 ] ::1 /ActivityManage/index.php/Student/Activity/js/raphael-min.js
INFO: [ app_init ] --START--
INFO: Run Behavior\BuildLiteBehavior [ RunTime:0.000022s ]
INFO: [ app_init ] --END-- [ RunTime:0.000689s ]
ERR: 非法操作:js

[ 2018-12-27T16:01:33+08:00 ] ::1 /ActivityManage/index.php/Student/Activity/js/raphael-min.js
INFO: [ app_init ] --START--
INFO: Run Behavior\BuildLiteBehavior [ RunTime:0.000023s ]
INFO: [ app_init ] --END-- [ RunTime:0.000679s ]
ERR: 非法操作:js

