[ 2018-12-25T15:08:45+08:00 ] ::1 /ActivityManage/index.php/Student/Index
INFO: [ app_init ] --START--
INFO: Run Behavior\BuildLiteBehavior [ RunTime:0.000025s ]
INFO: [ app_init ] --END-- [ RunTime:0.000796s ]

[ 2018-12-25T15:08:45+08:00 ] ::1 /ActivityManage/index.php/Student/login/index.html
INFO: [ app_init ] --START--
INFO: Run Behavior\BuildLiteBehavior [ RunTime:0.000014s ]
INFO: [ app_init ] --END-- [ RunTime:0.000456s ]

[ 2018-12-25T15:08:46+08:00 ] ::1 /ActivityManage/index.php/Student/login/favicon.ico
INFO: [ app_init ] --START--
INFO: Run Behavior\BuildLiteBehavior [ RunTime:0.000024s ]
INFO: [ app_init ] --END-- [ RunTime:0.000802s ]

[ 2018-12-25T15:08:51+08:00 ] ::1 /ActivityManage/index.php/Student/Login/Login_check?kind=paper_student
INFO: [ app_init ] --START--
INFO: Run Behavior\BuildLiteBehavior [ RunTime:0.000014s ]
INFO: [ app_init ] --END-- [ RunTime:0.000408s ]

[ 2018-12-25T15:08:52+08:00 ] ::1 /ActivityManage/index.php/Student/Index/index.html
INFO: [ app_init ] --START--
INFO: Run Behavior\BuildLiteBehavior [ RunTime:0.000027s ]
INFO: [ app_init ] --END-- [ RunTime:0.000556s ]

[ 2018-12-25T15:08:52+08:00 ] ::1 /ActivityManage/index.php/Student/Index/js/raphael-min.js
INFO: [ app_init ] --START--
INFO: Run Behavior\BuildLiteBehavior [ RunTime:0.000021s ]
INFO: [ app_init ] --END-- [ RunTime:0.000665s ]
ERR: 非法操作:js

[ 2018-12-25T15:08:52+08:00 ] ::1 /ActivityManage/index.php/Student/Index/js/raphael-min.js
INFO: [ app_init ] --START--
INFO: Run Behavior\BuildLiteBehavior [ RunTime:0.000014s ]
INFO: [ app_init ] --END-- [ RunTime:0.000427s ]
ERR: 非法操作:js

[ 2018-12-25T15:08:54+08:00 ] ::1 /ActivityManage/index.php/Student/Activity/applyActivity
INFO: [ app_init ] --START--
INFO: Run Behavior\BuildLiteBehavior [ RunTime:0.000015s ]
INFO: [ app_init ] --END-- [ RunTime:0.000469s ]

[ 2018-12-25T15:08:54+08:00 ] ::1 /ActivityManage/index.php/Student/Activity/js/raphael-min.js
INFO: [ app_init ] --START--
INFO: Run Behavior\BuildLiteBehavior [ RunTime:0.000022s ]
INFO: [ app_init ] --END-- [ RunTime:0.000686s ]
ERR: 非法操作:js

[ 2018-12-25T15:08:54+08:00 ] ::1 /ActivityManage/index.php/Student/Activity/js/raphael-min.js
INFO: [ app_init ] --START--
INFO: Run Behavior\BuildLiteBehavior [ RunTime:0.000014s ]
INFO: [ app_init ] --END-- [ RunTime:0.000423s ]
ERR: 非法操作:js

[ 2018-12-25T15:08:57+08:00 ] ::1 /ActivityManage/index.php/Student/Activity/showGrade
INFO: [ app_init ] --START--
INFO: Run Behavior\BuildLiteBehavior [ RunTime:0.000015s ]
INFO: [ app_init ] --END-- [ RunTime:0.000446s ]
ERR: 非法操作:showGrade

[ 2018-12-25T15:08:59+08:00 ] ::1 /ActivityManage/index.php/Student/Activity/js/raphael-min.js
INFO: [ app_init ] --START--
INFO: Run Behavior\BuildLiteBehavior [ RunTime:0.000014s ]
INFO: [ app_init ] --END-- [ RunTime:0.000453s ]
ERR: 非法操作:js

[ 2018-12-25T15:08:59+08:00 ] ::1 /ActivityManage/index.php/Student/Activity/js/raphael-min.js
INFO: [ app_init ] --START--
INFO: Run Behavior\BuildLiteBehavior [ RunTime:0.000014s ]
INFO: [ app_init ] --END-- [ RunTime:0.000437s ]
ERR: 非法操作:js

[ 2018-12-25T15:09:00+08:00 ] ::1 /ActivityManage/index.php/Student/Activity/showActivity
INFO: [ app_init ] --START--
INFO: Run Behavior\BuildLiteBehavior [ RunTime:0.000013s ]
INFO: [ app_init ] --END-- [ RunTime:0.000403s ]

[ 2018-12-25T15:09:00+08:00 ] ::1 /ActivityManage/index.php/Student/Activity/js/raphael-min.js
INFO: [ app_init ] --START--
INFO: Run Behavior\BuildLiteBehavior [ RunTime:0.000021s ]
INFO: [ app_init ] --END-- [ RunTime:0.000656s ]
ERR: 非法操作:js

[ 2018-12-25T15:09:00+08:00 ] ::1 /ActivityManage/index.php/Student/Activity/js/raphael-min.js
INFO: [ app_init ] --START--
INFO: Run Behavior\BuildLiteBehavior [ RunTime:0.000013s ]
INFO: [ app_init ] --END-- [ RunTime:0.000428s ]
ERR: 非法操作:js

[ 2018-12-25T15:11:04+08:00 ] ::1 /ActivityManage/index.php/Student/Activity/showActivity
INFO: [ app_init ] --START--
INFO: Run Behavior\BuildLiteBehavior [ RunTime:0.000016s ]
INFO: [ app_init ] --END-- [ RunTime:0.000479s ]

[ 2018-12-25T15:11:04+08:00 ] ::1 /ActivityManage/index.php/Student/Activity/js/raphael-min.js
INFO: [ app_init ] --START--
INFO: Run Behavior\BuildLiteBehavior [ RunTime:0.000030s ]
INFO: [ app_init ] --END-- [ RunTime:0.001000s ]
ERR: 非法操作:js

[ 2018-12-25T15:11:04+08:00 ] ::1 /ActivityManage/index.php/Student/Activity/js/raphael-min.js
INFO: [ app_init ] --START--
INFO: Run Behavior\BuildLiteBehavior [ RunTime:0.000014s ]
INFO: [ app_init ] --END-- [ RunTime:0.000439s ]
ERR: 非法操作:js

[ 2018-12-25T15:11:08+08:00 ] ::1 /ActivityManage/index.php/Student/Activity/showActivity
INFO: [ app_init ] --START--
INFO: Run Behavior\BuildLiteBehavior [ RunTime:0.000014s ]
INFO: [ app_init ] --END-- [ RunTime:0.000418s ]

[ 2018-12-25T15:11:08+08:00 ] ::1 /ActivityManage/index.php/Student/Activity/js/raphael-min.js
INFO: [ app_init ] --START--
INFO: Run Behavior\BuildLiteBehavior [ RunTime:0.000025s ]
INFO: [ app_init ] --END-- [ RunTime:0.000691s ]
ERR: 非法操作:js

[ 2018-12-25T15:11:19+08:00 ] ::1 /ActivityManage/index.php/Student/Activity/showActivity
INFO: [ app_init ] --START--
INFO: Run Behavior\BuildLiteBehavior [ RunTime:0.000014s ]
INFO: [ app_init ] --END-- [ RunTime:0.000417s ]

[ 2018-12-25T15:11:19+08:00 ] ::1 /ActivityManage/index.php/Student/Activity/js/raphael-min.js
INFO: [ app_init ] --START--
INFO: Run Behavior\BuildLiteBehavior [ RunTime:0.000015s ]
INFO: [ app_init ] --END-- [ RunTime:0.000439s ]
ERR: 非法操作:js

[ 2018-12-25T15:11:19+08:00 ] ::1 /ActivityManage/index.php/Student/Activity/js/raphael-min.js
INFO: [ app_init ] --START--
INFO: Run Behavior\BuildLiteBehavior [ RunTime:0.000014s ]
INFO: [ app_init ] --END-- [ RunTime:0.000417s ]
ERR: 非法操作:js

[ 2018-12-25T15:11:24+08:00 ] ::1 /ActivityManage/index.php/Student/Activity/js/raphael-min.js
INFO: [ app_init ] --START--
INFO: Run Behavior\BuildLiteBehavior [ RunTime:0.000021s ]
INFO: [ app_init ] --END-- [ RunTime:0.000639s ]
ERR: 非法操作:js

[ 2018-12-25T15:12:10+08:00 ] ::1 /ActivityManage/index.php/Student/Activity/showActivity
INFO: [ app_init ] --START--
INFO: Run Behavior\BuildLiteBehavior [ RunTime:0.000033s ]
INFO: [ app_init ] --END-- [ RunTime:0.000432s ]

[ 2018-12-25T15:12:10+08:00 ] ::1 /ActivityManage/index.php/Student/Activity/js/raphael-min.js
INFO: [ app_init ] --START--
INFO: Run Behavior\BuildLiteBehavior [ RunTime:0.000014s ]
INFO: [ app_init ] --END-- [ RunTime:0.000462s ]
ERR: 非法操作:js

[ 2018-12-25T15:12:10+08:00 ] ::1 /ActivityManage/index.php/Student/Activity/js/raphael-min.js
INFO: [ app_init ] --START--
INFO: Run Behavior\BuildLiteBehavior [ RunTime:0.000014s ]
INFO: [ app_init ] --END-- [ RunTime:0.000408s ]
ERR: 非法操作:js

[ 2018-12-25T15:18:32+08:00 ] ::1 /ActivityManage/index.php/Student/Activity/showActivity
INFO: [ app_init ] --START--
INFO: Run Behavior\BuildLiteBehavior [ RunTime:0.000015s ]
INFO: [ app_init ] --END-- [ RunTime:0.000413s ]

[ 2018-12-25T15:18:32+08:00 ] ::1 /ActivityManage/index.php/Student/Activity/js/raphael-min.js
INFO: [ app_init ] --START--
INFO: Run Behavior\BuildLiteBehavior [ RunTime:0.000015s ]
INFO: [ app_init ] --END-- [ RunTime:0.000450s ]
ERR: 非法操作:js

[ 2018-12-25T15:18:32+08:00 ] ::1 /ActivityManage/index.php/Student/Activity/js/raphael-min.js
INFO: [ app_init ] --START--
INFO: Run Behavior\BuildLiteBehavior [ RunTime:0.000015s ]
INFO: [ app_init ] --END-- [ RunTime:0.000468s ]
ERR: 非法操作:js

[ 2018-12-25T15:18:33+08:00 ] ::1 /ActivityManage/index.php/Student/Activity/showJoin?id=1
INFO: [ app_init ] --START--
INFO: Run Behavior\BuildLiteBehavior [ RunTime:0.000019s ]
INFO: [ app_init ] --END-- [ RunTime:0.000509s ]

[ 2018-12-25T15:18:34+08:00 ] ::1 /ActivityManage/index.php/Student/Activity/js/raphael-min.js
INFO: [ app_init ] --START--
INFO: Run Behavior\BuildLiteBehavior [ RunTime:0.000020s ]
INFO: [ app_init ] --END-- [ RunTime:0.000654s ]
ERR: 非法操作:js

[ 2018-12-25T15:18:34+08:00 ] ::1 /ActivityManage/index.php/Student/Activity/js/raphael-min.js
INFO: [ app_init ] --START--
INFO: Run Behavior\BuildLiteBehavior [ RunTime:0.000013s ]
INFO: [ app_init ] --END-- [ RunTime:0.000408s ]
ERR: 非法操作:js

[ 2018-12-25T15:18:35+08:00 ] ::1 /ActivityManage/index.php/Student/Activity/showActivity
INFO: [ app_init ] --START--
INFO: Run Behavior\BuildLiteBehavior [ RunTime:0.000014s ]
INFO: [ app_init ] --END-- [ RunTime:0.000411s ]

[ 2018-12-25T15:18:35+08:00 ] ::1 /ActivityManage/index.php/Student/Activity/js/raphael-min.js
INFO: [ app_init ] --START--
INFO: Run Behavior\BuildLiteBehavior [ RunTime:0.000022s ]
INFO: [ app_init ] --END-- [ RunTime:0.000646s ]
ERR: 非法操作:js

[ 2018-12-25T15:18:35+08:00 ] ::1 /ActivityManage/index.php/Student/Activity/js/raphael-min.js
INFO: [ app_init ] --START--
INFO: Run Behavior\BuildLiteBehavior [ RunTime:0.000014s ]
INFO: [ app_init ] --END-- [ RunTime:0.000433s ]
ERR: 非法操作:js

[ 2018-12-25T15:18:37+08:00 ] ::1 /ActivityManage/index.php/Student/Activity/showJoin?id=1
INFO: [ app_init ] --START--
INFO: Run Behavior\BuildLiteBehavior [ RunTime:0.000041s ]
INFO: [ app_init ] --END-- [ RunTime:0.000733s ]

[ 2018-12-25T15:18:47+08:00 ] ::1 /ActivityManage/index.php/Student/Activity/showJoin?id=1
INFO: [ app_init ] --START--
INFO: Run Behavior\BuildLiteBehavior [ RunTime:0.000014s ]
INFO: [ app_init ] --END-- [ RunTime:0.000431s ]

[ 2018-12-25T15:19:00+08:00 ] ::1 /ActivityManage/index.php/Student/Activity/showJoin?id=1
INFO: [ app_init ] --START--
INFO: Run Behavior\BuildLiteBehavior [ RunTime:0.000015s ]
INFO: [ app_init ] --END-- [ RunTime:0.000414s ]

[ 2018-12-25T15:19:28+08:00 ] ::1 /ActivityManage/index.php/Student/Activity/showJoin?id=1
INFO: [ app_init ] --START--
INFO: Run Behavior\BuildLiteBehavior [ RunTime:0.000014s ]
INFO: [ app_init ] --END-- [ RunTime:0.000410s ]

[ 2018-12-25T15:19:29+08:00 ] ::1 /ActivityManage/index.php/Student/Activity/showJoin?id=1
INFO: [ app_init ] --START--
INFO: Run Behavior\BuildLiteBehavior [ RunTime:0.000013s ]
INFO: [ app_init ] --END-- [ RunTime:0.000405s ]

[ 2018-12-25T15:23:05+08:00 ] ::1 /ActivityManage/index.php/Student/Activity/showJoin?id=1
INFO: [ app_init ] --START--
INFO: Run Behavior\BuildLiteBehavior [ RunTime:0.000015s ]
INFO: [ app_init ] --END-- [ RunTime:0.000417s ]

[ 2018-12-25T15:23:19+08:00 ] ::1 /ActivityManage/index.php/Student/Activity/showJoin?id=1
INFO: [ app_init ] --START--
INFO: Run Behavior\BuildLiteBehavior [ RunTime:0.000034s ]
INFO: [ app_init ] --END-- [ RunTime:0.001010s ]

[ 2018-12-25T15:27:56+08:00 ] ::1 /ActivityManage/index.php/Student/Activity/showJoin?id=1
INFO: [ app_init ] --START--
INFO: Run Behavior\BuildLiteBehavior [ RunTime:0.000016s ]
INFO: [ app_init ] --END-- [ RunTime:0.000443s ]
ERR: 1054:Unknown column 'v' in 'where clause'
 [ SQL语句 ] : SELECT * FROM `activity` WHERE (  v ) 

[ 2018-12-25T15:28:08+08:00 ] ::1 /ActivityManage/index.php/Student/Activity/showJoin?id=1
INFO: [ app_init ] --START--
INFO: Run Behavior\BuildLiteBehavior [ RunTime:0.000014s ]
INFO: [ app_init ] --END-- [ RunTime:0.000433s ]

[ 2018-12-25T15:29:12+08:00 ] ::1 /ActivityManage/index.php/Student/Activity/showJoin?id=1
INFO: [ app_init ] --START--
INFO: Run Behavior\BuildLiteBehavior [ RunTime:0.000014s ]
INFO: [ app_init ] --END-- [ RunTime:0.000428s ]

[ 2018-12-25T15:29:51+08:00 ] ::1 /ActivityManage/index.php/Student/Activity/showJoin?id=1
INFO: [ app_init ] --START--
INFO: Run Behavior\BuildLiteBehavior [ RunTime:0.000014s ]
INFO: [ app_init ] --END-- [ RunTime:0.000418s ]

[ 2018-12-25T15:30:32+08:00 ] ::1 /ActivityManage/index.php/Student/Activity/showJoin?id=1
INFO: [ app_init ] --START--
INFO: Run Behavior\BuildLiteBehavior [ RunTime:0.000014s ]
INFO: [ app_init ] --END-- [ RunTime:0.000412s ]

[ 2018-12-25T15:30:48+08:00 ] ::1 /ActivityManage/index.php/Student/Activity/showJoin?id=1
INFO: [ app_init ] --START--
INFO: Run Behavior\BuildLiteBehavior [ RunTime:0.000014s ]
INFO: [ app_init ] --END-- [ RunTime:0.000413s ]

[ 2018-12-25T15:31:05+08:00 ] ::1 /ActivityManage/index.php/Student/Activity/showJoin?id=1
INFO: [ app_init ] --START--
INFO: Run Behavior\BuildLiteBehavior [ RunTime:0.000017s ]
INFO: [ app_init ] --END-- [ RunTime:0.000425s ]

[ 2018-12-25T15:31:06+08:00 ] ::1 /ActivityManage/index.php/Student/Activity/showJoin?id=1
INFO: [ app_init ] --START--
INFO: Run Behavior\BuildLiteBehavior [ RunTime:0.000014s ]
INFO: [ app_init ] --END-- [ RunTime:0.000434s ]

[ 2018-12-25T15:31:20+08:00 ] ::1 /ActivityManage/index.php/Student/Activity/showJoin?id=1
INFO: [ app_init ] --START--
INFO: Run Behavior\BuildLiteBehavior [ RunTime:0.000014s ]
INFO: [ app_init ] --END-- [ RunTime:0.000412s ]

[ 2018-12-25T15:31:42+08:00 ] ::1 /ActivityManage/index.php/Student/Activity/showJoin?id=1
INFO: [ app_init ] --START--
INFO: Run Behavior\BuildLiteBehavior [ RunTime:0.000014s ]
INFO: [ app_init ] --END-- [ RunTime:0.000423s ]

[ 2018-12-25T15:32:02+08:00 ] ::1 /ActivityManage/index.php/Student/Activity/showJoin?id=1
INFO: [ app_init ] --START--
INFO: Run Behavior\BuildLiteBehavior [ RunTime:0.000015s ]
INFO: [ app_init ] --END-- [ RunTime:0.000424s ]

[ 2018-12-25T15:32:29+08:00 ] ::1 /ActivityManage/index.php/Student/Activity/showJoin?id=1
INFO: [ app_init ] --START--
INFO: Run Behavior\BuildLiteBehavior [ RunTime:0.000015s ]
INFO: [ app_init ] --END-- [ RunTime:0.000446s ]

[ 2018-12-25T15:32:42+08:00 ] ::1 /ActivityManage/index.php/Student/Activity/showJoin?id=1
INFO: [ app_init ] --START--
INFO: Run Behavior\BuildLiteBehavior [ RunTime:0.000016s ]
INFO: [ app_init ] --END-- [ RunTime:0.000481s ]

[ 2018-12-25T15:33:02+08:00 ] ::1 /ActivityManage/index.php/Student/Activity/showJoin?id=1
INFO: [ app_init ] --START--
INFO: Run Behavior\BuildLiteBehavior [ RunTime:0.000014s ]
INFO: [ app_init ] --END-- [ RunTime:0.000415s ]

[ 2018-12-25T15:33:43+08:00 ] ::1 /ActivityManage/index.php/Student/Activity/showJoin?id=1
INFO: [ app_init ] --START--
INFO: Run Behavior\BuildLiteBehavior [ RunTime:0.000014s ]
INFO: [ app_init ] --END-- [ RunTime:0.000415s ]

[ 2018-12-25T15:33:52+08:00 ] ::1 /ActivityManage/index.php/Student/Activity/showJoin?id=1
INFO: [ app_init ] --START--
INFO: Run Behavior\BuildLiteBehavior [ RunTime:0.000014s ]
INFO: [ app_init ] --END-- [ RunTime:0.000415s ]

[ 2018-12-25T15:34:59+08:00 ] ::1 /ActivityManage/index.php/Student/Activity/showJoin?id=1
INFO: [ app_init ] --START--
INFO: Run Behavior\BuildLiteBehavior [ RunTime:0.000014s ]
INFO: [ app_init ] --END-- [ RunTime:0.000452s ]

[ 2018-12-25T15:35:51+08:00 ] ::1 /ActivityManage/index.php/Student/Activity/showJoin?id=1
INFO: [ app_init ] --START--
INFO: Run Behavior\BuildLiteBehavior [ RunTime:0.000014s ]
INFO: [ app_init ] --END-- [ RunTime:0.000443s ]

[ 2018-12-25T15:36:02+08:00 ] ::1 /ActivityManage/index.php/Student/Activity/showJoin?id=1
INFO: [ app_init ] --START--
INFO: Run Behavior\BuildLiteBehavior [ RunTime:0.000013s ]
INFO: [ app_init ] --END-- [ RunTime:0.000409s ]

[ 2018-12-25T15:36:02+08:00 ] ::1 /ActivityManage/index.php/Student/Activity/js/raphael-min.js
INFO: [ app_init ] --START--
INFO: Run Behavior\BuildLiteBehavior [ RunTime:0.000015s ]
INFO: [ app_init ] --END-- [ RunTime:0.000488s ]
ERR: 非法操作:js

[ 2018-12-25T15:36:02+08:00 ] ::1 /ActivityManage/index.php/Student/Activity/js/raphael-min.js
INFO: [ app_init ] --START--
INFO: Run Behavior\BuildLiteBehavior [ RunTime:0.000030s ]
INFO: [ app_init ] --END-- [ RunTime:0.000932s ]
ERR: 非法操作:js

[ 2018-12-25T15:39:25+08:00 ] ::1 /ActivityManage/index.php/Student/Activity/showJoin?id=1
INFO: [ app_init ] --START--
INFO: Run Behavior\BuildLiteBehavior [ RunTime:0.000015s ]
INFO: [ app_init ] --END-- [ RunTime:0.000429s ]
ERR: syntax error, unexpected ')', expecting variable (T_VARIABLE) or '{' or '$'

[ 2018-12-25T15:40:06+08:00 ] ::1 /ActivityManage/index.php/Student/Activity/showJoin?id=1
INFO: [ app_init ] --START--
INFO: Run Behavior\BuildLiteBehavior [ RunTime:0.000013s ]
INFO: [ app_init ] --END-- [ RunTime:0.000418s ]

[ 2018-12-25T15:40:52+08:00 ] ::1 /ActivityManage/index.php/Student/Activity/showJoin?id=1
INFO: [ app_init ] --START--
INFO: Run Behavior\BuildLiteBehavior [ RunTime:0.000014s ]
INFO: [ app_init ] --END-- [ RunTime:0.000427s ]

[ 2018-12-25T15:40:53+08:00 ] ::1 /ActivityManage/index.php/Student/Activity/showJoin?id=1
INFO: [ app_init ] --START--
INFO: Run Behavior\BuildLiteBehavior [ RunTime:0.000095s ]
INFO: [ app_init ] --END-- [ RunTime:0.000527s ]

[ 2018-12-25T15:41:12+08:00 ] ::1 /ActivityManage/index.php/Student/Activity/showJoin?id=1
INFO: [ app_init ] --START--
INFO: Run Behavior\BuildLiteBehavior [ RunTime:0.000015s ]
INFO: [ app_init ] --END-- [ RunTime:0.000457s ]

[ 2018-12-25T15:43:18+08:00 ] ::1 /ActivityManage/index.php/Student/Activity/showJoin?id=1
INFO: [ app_init ] --START--
INFO: Run Behavior\BuildLiteBehavior [ RunTime:0.000014s ]
INFO: [ app_init ] --END-- [ RunTime:0.000412s ]

[ 2018-12-25T15:44:21+08:00 ] ::1 /ActivityManage/index.php/Student/Activity/showJoin?id=1
INFO: [ app_init ] --START--
INFO: Run Behavior\BuildLiteBehavior [ RunTime:0.000015s ]
INFO: [ app_init ] --END-- [ RunTime:0.000453s ]

[ 2018-12-25T15:44:28+08:00 ] ::1 /ActivityManage/index.php/Student/Activity/showJoin?id=1
INFO: [ app_init ] --START--
INFO: Run Behavior\BuildLiteBehavior [ RunTime:0.000014s ]
INFO: [ app_init ] --END-- [ RunTime:0.000443s ]

[ 2018-12-25T15:44:48+08:00 ] ::1 /ActivityManage/index.php/Student/Activity/showJoin?id=1
INFO: [ app_init ] --START--
INFO: Run Behavior\BuildLiteBehavior [ RunTime:0.000014s ]
INFO: [ app_init ] --END-- [ RunTime:0.000442s ]

[ 2018-12-25T15:45:18+08:00 ] ::1 /ActivityManage/index.php/Student/Activity/showJoin?id=1
INFO: [ app_init ] --START--
INFO: Run Behavior\BuildLiteBehavior [ RunTime:0.000015s ]
INFO: [ app_init ] --END-- [ RunTime:0.000448s ]

[ 2018-12-25T15:45:42+08:00 ] ::1 /ActivityManage/index.php/Student/Activity/showJoin?id=1
INFO: [ app_init ] --START--
INFO: Run Behavior\BuildLiteBehavior [ RunTime:0.000013s ]
INFO: [ app_init ] --END-- [ RunTime:0.000448s ]
ERR: syntax error, unexpected ')', expecting variable (T_VARIABLE) or '{' or '$'

[ 2018-12-25T15:47:18+08:00 ] ::1 /ActivityManage/index.php/Student/Activity/showJoin?id=1
INFO: [ app_init ] --START--
INFO: Run Behavior\BuildLiteBehavior [ RunTime:0.000015s ]
INFO: [ app_init ] --END-- [ RunTime:0.003253s ]
ERR: syntax error, unexpected ')', expecting variable (T_VARIABLE) or '{' or '$'

[ 2018-12-25T15:48:25+08:00 ] ::1 /ActivityManage/index.php/Student/Activity/showJoin?id=1
INFO: [ app_init ] --START--
INFO: Run Behavior\BuildLiteBehavior [ RunTime:0.000014s ]
INFO: [ app_init ] --END-- [ RunTime:0.000437s ]

[ 2018-12-25T15:49:10+08:00 ] ::1 /ActivityManage/index.php/Student/Activity/showJoin?id=1
INFO: [ app_init ] --START--
INFO: Run Behavior\BuildLiteBehavior [ RunTime:0.000015s ]
INFO: [ app_init ] --END-- [ RunTime:0.000421s ]

[ 2018-12-25T15:49:23+08:00 ] ::1 /ActivityManage/index.php/Student/Activity/showJoin?id=1
INFO: [ app_init ] --START--
INFO: Run Behavior\BuildLiteBehavior [ RunTime:0.000015s ]
INFO: [ app_init ] --END-- [ RunTime:0.000414s ]

[ 2018-12-25T15:50:01+08:00 ] ::1 /ActivityManage/index.php/Student/Activity/showJoin?id=1
INFO: [ app_init ] --START--
INFO: Run Behavior\BuildLiteBehavior [ RunTime:0.000017s ]
INFO: [ app_init ] --END-- [ RunTime:0.002157s ]

[ 2018-12-25T15:52:11+08:00 ] ::1 /ActivityManage/index.php/Student/Activity/showJoin?id=1
INFO: [ app_init ] --START--
INFO: Run Behavior\BuildLiteBehavior [ RunTime:0.000015s ]
INFO: [ app_init ] --END-- [ RunTime:0.000449s ]

[ 2018-12-25T15:55:26+08:00 ] ::1 /ActivityManage/index.php/Student/Activity/showJoin?id=1
INFO: [ app_init ] --START--
INFO: Run Behavior\BuildLiteBehavior [ RunTime:0.000014s ]
INFO: [ app_init ] --END-- [ RunTime:0.000429s ]

[ 2018-12-25T15:55:27+08:00 ] ::1 /ActivityManage/index.php/Student/Activity/showJoin?id=1
INFO: [ app_init ] --START--
INFO: Run Behavior\BuildLiteBehavior [ RunTime:0.000014s ]
INFO: [ app_init ] --END-- [ RunTime:0.000422s ]

[ 2018-12-25T15:55:27+08:00 ] ::1 /ActivityManage/index.php/Student/Activity/showJoin?id=1
INFO: [ app_init ] --START--
INFO: Run Behavior\BuildLiteBehavior [ RunTime:0.000031s ]
INFO: [ app_init ] --END-- [ RunTime:0.000527s ]

[ 2018-12-25T15:55:28+08:00 ] ::1 /ActivityManage/index.php/Student/Activity/showJoin?id=1
INFO: [ app_init ] --START--
INFO: Run Behavior\BuildLiteBehavior [ RunTime:0.000014s ]
INFO: [ app_init ] --END-- [ RunTime:0.000411s ]

[ 2018-12-25T15:55:28+08:00 ] ::1 /ActivityManage/index.php/Student/Activity/showJoin?id=1
INFO: [ app_init ] --START--
INFO: Run Behavior\BuildLiteBehavior [ RunTime:0.000014s ]
INFO: [ app_init ] --END-- [ RunTime:0.000414s ]

[ 2018-12-25T15:55:52+08:00 ] ::1 /ActivityManage/index.php/Student/Activity/showJoin?id=1
INFO: [ app_init ] --START--
INFO: Run Behavior\BuildLiteBehavior [ RunTime:0.000014s ]
INFO: [ app_init ] --END-- [ RunTime:0.000428s ]

[ 2018-12-25T15:56:23+08:00 ] ::1 /ActivityManage/index.php/Student/Activity/showJoin?id=1
INFO: [ app_init ] --START--
INFO: Run Behavior\BuildLiteBehavior [ RunTime:0.000014s ]
INFO: [ app_init ] --END-- [ RunTime:0.000425s ]

[ 2018-12-25T15:57:22+08:00 ] ::1 /ActivityManage/index.php/Student/Activity/showJoin?id=1
INFO: [ app_init ] --START--
INFO: Run Behavior\BuildLiteBehavior [ RunTime:0.000013s ]
INFO: [ app_init ] --END-- [ RunTime:0.000412s ]

[ 2018-12-25T15:58:15+08:00 ] ::1 /ActivityManage/index.php/Student/Activity/showJoin?id=1
INFO: [ app_init ] --START--
INFO: Run Behavior\BuildLiteBehavior [ RunTime:0.000014s ]
INFO: [ app_init ] --END-- [ RunTime:0.000444s ]

[ 2018-12-25T15:58:22+08:00 ] ::1 /ActivityManage/index.php/Student/Activity/showJoin?id=1
INFO: [ app_init ] --START--
INFO: Run Behavior\BuildLiteBehavior [ RunTime:0.000013s ]
INFO: [ app_init ] --END-- [ RunTime:0.000418s ]

[ 2018-12-25T15:59:03+08:00 ] ::1 /ActivityManage/index.php/Student/Activity/showJoin?id=1
INFO: [ app_init ] --START--
INFO: Run Behavior\BuildLiteBehavior [ RunTime:0.000014s ]
INFO: [ app_init ] --END-- [ RunTime:0.000414s ]

[ 2018-12-25T15:59:28+08:00 ] ::1 /ActivityManage/index.php/Student/Activity/showJoin?id=1
INFO: [ app_init ] --START--
INFO: Run Behavior\BuildLiteBehavior [ RunTime:0.000014s ]
INFO: [ app_init ] --END-- [ RunTime:0.000417s ]

[ 2018-12-25T15:59:46+08:00 ] ::1 /ActivityManage/index.php/Student/Activity/showJoin?id=1
INFO: [ app_init ] --START--
INFO: Run Behavior\BuildLiteBehavior [ RunTime:0.000014s ]
INFO: [ app_init ] --END-- [ RunTime:0.000409s ]

[ 2018-12-25T16:00:20+08:00 ] ::1 /ActivityManage/index.php/Student/Activity/showJoin?id=1
INFO: [ app_init ] --START--
INFO: Run Behavior\BuildLiteBehavior [ RunTime:0.000015s ]
INFO: [ app_init ] --END-- [ RunTime:0.000428s ]

[ 2018-12-25T16:00:41+08:00 ] ::1 /ActivityManage/index.php/Student/Activity/showJoin?id=1
INFO: [ app_init ] --START--
INFO: Run Behavior\BuildLiteBehavior [ RunTime:0.000014s ]
INFO: [ app_init ] --END-- [ RunTime:0.000414s ]

[ 2018-12-25T16:00:42+08:00 ] ::1 /ActivityManage/index.php/Student/Activity/showJoin?id=1
INFO: [ app_init ] --START--
INFO: Run Behavior\BuildLiteBehavior [ RunTime:0.000015s ]
INFO: [ app_init ] --END-- [ RunTime:0.000438s ]

[ 2018-12-25T16:00:53+08:00 ] ::1 /ActivityManage/index.php/Student/Activity/showJoin?id=1
INFO: [ app_init ] --START--
INFO: Run Behavior\BuildLiteBehavior [ RunTime:0.000014s ]
INFO: [ app_init ] --END-- [ RunTime:0.000409s ]

[ 2018-12-25T16:01:09+08:00 ] ::1 /ActivityManage/index.php/Student/Activity/showJoin?id=1
INFO: [ app_init ] --START--
INFO: Run Behavior\BuildLiteBehavior [ RunTime:0.000014s ]
INFO: [ app_init ] --END-- [ RunTime:0.000433s ]

[ 2018-12-25T16:01:37+08:00 ] ::1 /ActivityManage/index.php/Student/Activity/showJoin?id=1
INFO: [ app_init ] --START--
INFO: Run Behavior\BuildLiteBehavior [ RunTime:0.000015s ]
INFO: [ app_init ] --END-- [ RunTime:0.000456s ]

[ 2018-12-25T16:01:40+08:00 ] ::1 /ActivityManage/index.php/Student/Activity/showJoin?id=1
INFO: [ app_init ] --START--
INFO: Run Behavior\BuildLiteBehavior [ RunTime:0.000015s ]
INFO: [ app_init ] --END-- [ RunTime:0.000419s ]

[ 2018-12-25T16:02:10+08:00 ] ::1 /ActivityManage/index.php/Student/Activity/showJoin?id=1
INFO: [ app_init ] --START--
INFO: Run Behavior\BuildLiteBehavior [ RunTime:0.000022s ]
INFO: [ app_init ] --END-- [ RunTime:0.000655s ]

[ 2018-12-25T16:02:36+08:00 ] ::1 /ActivityManage/index.php/Student/Activity/showJoin?id=1
INFO: [ app_init ] --START--
INFO: Run Behavior\BuildLiteBehavior [ RunTime:0.000015s ]
INFO: [ app_init ] --END-- [ RunTime:0.000415s ]

[ 2018-12-25T16:02:46+08:00 ] ::1 /ActivityManage/index.php/Student/Activity/showJoin?id=1
INFO: [ app_init ] --START--
INFO: Run Behavior\BuildLiteBehavior [ RunTime:0.000022s ]
INFO: [ app_init ] --END-- [ RunTime:0.000615s ]

[ 2018-12-25T16:04:06+08:00 ] ::1 /ActivityManage/index.php/Student/Activity/showJoin?id=1
INFO: [ app_init ] --START--
INFO: Run Behavior\BuildLiteBehavior [ RunTime:0.000015s ]
INFO: [ app_init ] --END-- [ RunTime:0.000425s ]
ERR: syntax error, unexpected ')', expecting variable (T_VARIABLE) or '{' or '$'

[ 2018-12-25T16:04:55+08:00 ] ::1 /ActivityManage/index.php/Student/Activity/showJoin?id=1
INFO: [ app_init ] --START--
INFO: Run Behavior\BuildLiteBehavior [ RunTime:0.000014s ]
INFO: [ app_init ] --END-- [ RunTime:0.000551s ]
ERR: syntax error, unexpected ')', expecting variable (T_VARIABLE) or '{' or '$'

[ 2018-12-25T16:06:22+08:00 ] ::1 /ActivityManage/index.php/Student/Activity/showJoin?id=1
INFO: [ app_init ] --START--
INFO: Run Behavior\BuildLiteBehavior [ RunTime:0.000015s ]
INFO: [ app_init ] --END-- [ RunTime:0.000451s ]
ERR: syntax error, unexpected ')', expecting variable (T_VARIABLE) or '{' or '$'

[ 2018-12-25T16:06:38+08:00 ] ::1 /ActivityManage/index.php/Student/Activity/showJoin?id=1
INFO: [ app_init ] --START--
INFO: Run Behavior\BuildLiteBehavior [ RunTime:0.000026s ]
INFO: [ app_init ] --END-- [ RunTime:0.000564s ]

[ 2018-12-25T16:07:05+08:00 ] ::1 /ActivityManage/index.php/Student/Activity/showJoin?id=1
INFO: [ app_init ] --START--
INFO: Run Behavior\BuildLiteBehavior [ RunTime:0.000014s ]
INFO: [ app_init ] --END-- [ RunTime:0.000412s ]

[ 2018-12-25T16:07:14+08:00 ] ::1 /ActivityManage/index.php/Student/Activity/showJoin?id=1
INFO: [ app_init ] --START--
INFO: Run Behavior\BuildLiteBehavior [ RunTime:0.000015s ]
INFO: [ app_init ] --END-- [ RunTime:0.000421s ]
ERR: syntax error, unexpected ')', expecting variable (T_VARIABLE) or '{' or '$'

[ 2018-12-25T16:07:15+08:00 ] ::1 /ActivityManage/index.php/Student/Activity/js/raphael-min.js
INFO: [ app_init ] --START--
INFO: Run Behavior\BuildLiteBehavior [ RunTime:0.000021s ]
INFO: [ app_init ] --END-- [ RunTime:0.000673s ]
ERR: 非法操作:js

[ 2018-12-25T16:07:17+08:00 ] ::1 /ActivityManage/index.php/Student/Activity/showJoin?id=1
INFO: [ app_init ] --START--
INFO: Run Behavior\BuildLiteBehavior [ RunTime:0.000015s ]
INFO: [ app_init ] --END-- [ RunTime:0.000434s ]
ERR: syntax error, unexpected ')', expecting variable (T_VARIABLE) or '{' or '$'

[ 2018-12-25T16:09:14+08:00 ] ::1 /ActivityManage/index.php/Student/Activity/showJoin?id=1
INFO: [ app_init ] --START--
INFO: Run Behavior\BuildLiteBehavior [ RunTime:0.000019s ]
INFO: [ app_init ] --END-- [ RunTime:0.000620s ]

[ 2018-12-25T16:09:14+08:00 ] ::1 /ActivityManage/index.php/Student/Activity/js/raphael-min.js
INFO: [ app_init ] --START--
INFO: Run Behavior\BuildLiteBehavior [ RunTime:0.000013s ]
INFO: [ app_init ] --END-- [ RunTime:0.000434s ]
ERR: 非法操作:js

[ 2018-12-25T16:09:14+08:00 ] ::1 /ActivityManage/index.php/Student/Activity/js/raphael-min.js
INFO: [ app_init ] --START--
INFO: Run Behavior\BuildLiteBehavior [ RunTime:0.000015s ]
INFO: [ app_init ] --END-- [ RunTime:0.000518s ]
ERR: 非法操作:js

[ 2018-12-25T16:09:34+08:00 ] ::1 /ActivityManage/index.php/Student/Activity/showJoin?id=1
INFO: [ app_init ] --START--
INFO: Run Behavior\BuildLiteBehavior [ RunTime:0.000014s ]
INFO: [ app_init ] --END-- [ RunTime:0.000411s ]

[ 2018-12-25T16:09:34+08:00 ] ::1 /ActivityManage/index.php/Student/Activity/js/raphael-min.js
INFO: [ app_init ] --START--
INFO: Run Behavior\BuildLiteBehavior [ RunTime:0.000015s ]
INFO: [ app_init ] --END-- [ RunTime:0.000454s ]
ERR: 非法操作:js

[ 2018-12-25T16:09:34+08:00 ] ::1 /ActivityManage/index.php/Student/Activity/js/raphael-min.js
INFO: [ app_init ] --START--
INFO: Run Behavior\BuildLiteBehavior [ RunTime:0.000014s ]
INFO: [ app_init ] --END-- [ RunTime:0.000412s ]
ERR: 非法操作:js

[ 2018-12-25T16:09:35+08:00 ] ::1 /ActivityManage/index.php/Student/Activity/showJoin?id=1
INFO: [ app_init ] --START--
INFO: Run Behavior\BuildLiteBehavior [ RunTime:0.000013s ]
INFO: [ app_init ] --END-- [ RunTime:0.000404s ]

[ 2018-12-25T16:09:35+08:00 ] ::1 /ActivityManage/index.php/Student/Activity/js/raphael-min.js
INFO: [ app_init ] --START--
INFO: Run Behavior\BuildLiteBehavior [ RunTime:0.000033s ]
INFO: [ app_init ] --END-- [ RunTime:0.000876s ]
ERR: 非法操作:js

[ 2018-12-25T16:09:35+08:00 ] ::1 /ActivityManage/index.php/Student/Activity/js/raphael-min.js
INFO: [ app_init ] --START--
INFO: Run Behavior\BuildLiteBehavior [ RunTime:0.000026s ]
INFO: [ app_init ] --END-- [ RunTime:0.003434s ]
ERR: 非法操作:js

[ 2018-12-25T16:12:19+08:00 ] ::1 /ActivityManage/index.php/Student/Activity/showJoin?id=1
INFO: [ app_init ] --START--
INFO: Run Behavior\BuildLiteBehavior [ RunTime:0.000014s ]
INFO: [ app_init ] --END-- [ RunTime:0.000434s ]

[ 2018-12-25T16:12:19+08:00 ] ::1 /ActivityManage/index.php/Student/Activity/js/raphael-min.js
INFO: [ app_init ] --START--
INFO: Run Behavior\BuildLiteBehavior [ RunTime:0.000021s ]
INFO: [ app_init ] --END-- [ RunTime:0.000532s ]
ERR: 非法操作:js

[ 2018-12-25T16:12:19+08:00 ] ::1 /ActivityManage/index.php/Student/Activity/js/raphael-min.js
INFO: [ app_init ] --START--
INFO: Run Behavior\BuildLiteBehavior [ RunTime:0.000014s ]
INFO: [ app_init ] --END-- [ RunTime:0.000475s ]
ERR: 非法操作:js

[ 2018-12-25T16:12:30+08:00 ] ::1 /ActivityManage/index.php/Student/Activity/showJoin?id=1
INFO: [ app_init ] --START--
INFO: Run Behavior\BuildLiteBehavior [ RunTime:0.000015s ]
INFO: [ app_init ] --END-- [ RunTime:0.000551s ]

[ 2018-12-25T16:12:30+08:00 ] ::1 /ActivityManage/index.php/Student/Activity/js/raphael-min.js
INFO: [ app_init ] --START--
INFO: Run Behavior\BuildLiteBehavior [ RunTime:0.000021s ]
INFO: [ app_init ] --END-- [ RunTime:0.000643s ]
ERR: 非法操作:js

[ 2018-12-25T16:12:30+08:00 ] ::1 /ActivityManage/index.php/Student/Activity/js/raphael-min.js
INFO: [ app_init ] --START--
INFO: Run Behavior\BuildLiteBehavior [ RunTime:0.000014s ]
INFO: [ app_init ] --END-- [ RunTime:0.000413s ]
ERR: 非法操作:js

[ 2018-12-25T16:13:17+08:00 ] ::1 /ActivityManage/index.php/Student/Activity/showJoin?id=1
INFO: [ app_init ] --START--
INFO: Run Behavior\BuildLiteBehavior [ RunTime:0.000014s ]
INFO: [ app_init ] --END-- [ RunTime:0.000410s ]

[ 2018-12-25T16:13:17+08:00 ] ::1 /ActivityManage/index.php/Student/Activity/js/raphael-min.js
INFO: [ app_init ] --START--
INFO: Run Behavior\BuildLiteBehavior [ RunTime:0.000057s ]
INFO: [ app_init ] --END-- [ RunTime:0.000788s ]
ERR: 非法操作:js

[ 2018-12-25T16:13:17+08:00 ] ::1 /ActivityManage/index.php/Student/Activity/js/raphael-min.js
INFO: [ app_init ] --START--
INFO: Run Behavior\BuildLiteBehavior [ RunTime:0.000014s ]
INFO: [ app_init ] --END-- [ RunTime:0.000444s ]
ERR: 非法操作:js

[ 2018-12-25T16:15:43+08:00 ] ::1 /ActivityManage/index.php/Student/Activity/showJoin?id=1
INFO: [ app_init ] --START--
INFO: Run Behavior\BuildLiteBehavior [ RunTime:0.000015s ]
INFO: [ app_init ] --END-- [ RunTime:0.000419s ]

[ 2018-12-25T16:15:43+08:00 ] ::1 /ActivityManage/index.php/Student/Activity/js/raphael-min.js
INFO: [ app_init ] --START--
INFO: Run Behavior\BuildLiteBehavior [ RunTime:0.000028s ]
INFO: [ app_init ] --END-- [ RunTime:0.000842s ]
ERR: 非法操作:js

[ 2018-12-25T16:15:44+08:00 ] ::1 /ActivityManage/index.php/Student/Activity/js/raphael-min.js
INFO: [ app_init ] --START--
INFO: Run Behavior\BuildLiteBehavior [ RunTime:0.000014s ]
INFO: [ app_init ] --END-- [ RunTime:0.000415s ]
ERR: 非法操作:js

[ 2018-12-25T16:16:22+08:00 ] ::1 /ActivityManage/index.php/Student/Activity/showJoin?id=1
INFO: [ app_init ] --START--
INFO: Run Behavior\BuildLiteBehavior [ RunTime:0.000013s ]
INFO: [ app_init ] --END-- [ RunTime:0.000420s ]

[ 2018-12-25T16:16:22+08:00 ] ::1 /ActivityManage/index.php/Student/Activity/js/raphael-min.js
INFO: [ app_init ] --START--
INFO: Run Behavior\BuildLiteBehavior [ RunTime:0.000025s ]
INFO: [ app_init ] --END-- [ RunTime:0.000713s ]
ERR: 非法操作:js

[ 2018-12-25T16:16:22+08:00 ] ::1 /ActivityManage/index.php/Student/Activity/js/raphael-min.js
INFO: [ app_init ] --START--
INFO: Run Behavior\BuildLiteBehavior [ RunTime:0.000015s ]
INFO: [ app_init ] --END-- [ RunTime:0.000477s ]
ERR: 非法操作:js

[ 2018-12-25T16:17:28+08:00 ] ::1 /ActivityManage/index.php/Student/Activity/showJoin?id=1
INFO: [ app_init ] --START--
INFO: Run Behavior\BuildLiteBehavior [ RunTime:0.000015s ]
INFO: [ app_init ] --END-- [ RunTime:0.000496s ]

[ 2018-12-25T16:17:28+08:00 ] ::1 /ActivityManage/index.php/Student/Activity/js/raphael-min.js
INFO: [ app_init ] --START--
INFO: Run Behavior\BuildLiteBehavior [ RunTime:0.000015s ]
INFO: [ app_init ] --END-- [ RunTime:0.000441s ]
ERR: 非法操作:js

[ 2018-12-25T16:17:28+08:00 ] ::1 /ActivityManage/index.php/Student/Activity/js/raphael-min.js
INFO: [ app_init ] --START--
INFO: Run Behavior\BuildLiteBehavior [ RunTime:0.000014s ]
INFO: [ app_init ] --END-- [ RunTime:0.000417s ]
ERR: 非法操作:js

[ 2018-12-25T16:18:55+08:00 ] ::1 /ActivityManage/index.php/Student/Activity/showJoin?id=1
INFO: [ app_init ] --START--
INFO: Run Behavior\BuildLiteBehavior [ RunTime:0.000015s ]
INFO: [ app_init ] --END-- [ RunTime:0.000426s ]

[ 2018-12-25T16:18:55+08:00 ] ::1 /ActivityManage/index.php/Student/Activity/js/raphael-min.js
INFO: [ app_init ] --START--
INFO: Run Behavior\BuildLiteBehavior [ RunTime:0.000016s ]
INFO: [ app_init ] --END-- [ RunTime:0.000480s ]
ERR: 非法操作:js

[ 2018-12-25T16:18:55+08:00 ] ::1 /ActivityManage/index.php/Student/Activity/js/raphael-min.js
INFO: [ app_init ] --START--
INFO: Run Behavior\BuildLiteBehavior [ RunTime:0.000014s ]
INFO: [ app_init ] --END-- [ RunTime:0.000428s ]
ERR: 非法操作:js

[ 2018-12-25T16:19:20+08:00 ] ::1 /ActivityManage/index.php/Student/Activity/showJoin?id=1
INFO: [ app_init ] --START--
INFO: Run Behavior\BuildLiteBehavior [ RunTime:0.000014s ]
INFO: [ app_init ] --END-- [ RunTime:0.000429s ]

[ 2018-12-25T16:19:20+08:00 ] ::1 /ActivityManage/index.php/Student/Activity/js/raphael-min.js
INFO: [ app_init ] --START--
INFO: Run Behavior\BuildLiteBehavior [ RunTime:0.000017s ]
INFO: [ app_init ] --END-- [ RunTime:0.000709s ]
ERR: 非法操作:js

[ 2018-12-25T16:19:20+08:00 ] ::1 /ActivityManage/index.php/Student/Activity/js/raphael-min.js
INFO: [ app_init ] --START--
INFO: Run Behavior\BuildLiteBehavior [ RunTime:0.000014s ]
INFO: [ app_init ] --END-- [ RunTime:0.000411s ]
ERR: 非法操作:js

[ 2018-12-25T16:19:20+08:00 ] ::1 /ActivityManage/index.php/Student/Activity/showJoin?id=1
INFO: [ app_init ] --START--
INFO: Run Behavior\BuildLiteBehavior [ RunTime:0.000017s ]
INFO: [ app_init ] --END-- [ RunTime:0.000684s ]

[ 2018-12-25T16:19:20+08:00 ] ::1 /ActivityManage/index.php/Student/Activity/js/raphael-min.js
INFO: [ app_init ] --START--
INFO: Run Behavior\BuildLiteBehavior [ RunTime:0.000029s ]
INFO: [ app_init ] --END-- [ RunTime:0.000800s ]
ERR: 非法操作:js

[ 2018-12-25T16:19:20+08:00 ] ::1 /ActivityManage/index.php/Student/Activity/js/raphael-min.js
INFO: [ app_init ] --START--
INFO: Run Behavior\BuildLiteBehavior [ RunTime:0.000014s ]
INFO: [ app_init ] --END-- [ RunTime:0.000428s ]
ERR: 非法操作:js

[ 2018-12-25T16:19:39+08:00 ] ::1 /ActivityManage/index.php/Student/Activity/showJoin?id=1
INFO: [ app_init ] --START--
INFO: Run Behavior\BuildLiteBehavior [ RunTime:0.000014s ]
INFO: [ app_init ] --END-- [ RunTime:0.000413s ]

[ 2018-12-25T16:19:39+08:00 ] ::1 /ActivityManage/index.php/Student/Activity/js/raphael-min.js
INFO: [ app_init ] --START--
INFO: Run Behavior\BuildLiteBehavior [ RunTime:0.000016s ]
INFO: [ app_init ] --END-- [ RunTime:0.000492s ]
ERR: 非法操作:js

[ 2018-12-25T16:19:39+08:00 ] ::1 /ActivityManage/index.php/Student/Activity/js/raphael-min.js
INFO: [ app_init ] --START--
INFO: Run Behavior\BuildLiteBehavior [ RunTime:0.000015s ]
INFO: [ app_init ] --END-- [ RunTime:0.000433s ]
ERR: 非法操作:js

[ 2018-12-25T16:20:22+08:00 ] ::1 /ActivityManage/index.php/Student/Activity/showJoin?id=1
INFO: [ app_init ] --START--
INFO: Run Behavior\BuildLiteBehavior [ RunTime:0.000015s ]
INFO: [ app_init ] --END-- [ RunTime:0.000422s ]

[ 2018-12-25T16:20:22+08:00 ] ::1 /ActivityManage/index.php/Student/Activity/js/raphael-min.js
INFO: [ app_init ] --START--
INFO: Run Behavior\BuildLiteBehavior [ RunTime:0.000030s ]
INFO: [ app_init ] --END-- [ RunTime:0.000680s ]
ERR: 非法操作:js

[ 2018-12-25T16:20:22+08:00 ] ::1 /ActivityManage/index.php/Student/Activity/js/raphael-min.js
INFO: [ app_init ] --START--
INFO: Run Behavior\BuildLiteBehavior [ RunTime:0.000014s ]
INFO: [ app_init ] --END-- [ RunTime:0.000422s ]
ERR: 非法操作:js

[ 2018-12-25T16:20:42+08:00 ] ::1 /ActivityManage/index.php/Student/Activity/showJoin?id=1
INFO: [ app_init ] --START--
INFO: Run Behavior\BuildLiteBehavior [ RunTime:0.000015s ]
INFO: [ app_init ] --END-- [ RunTime:0.000421s ]

[ 2018-12-25T16:20:42+08:00 ] ::1 /ActivityManage/index.php/Student/Activity/js/raphael-min.js
INFO: [ app_init ] --START--
INFO: Run Behavior\BuildLiteBehavior [ RunTime:0.000023s ]
INFO: [ app_init ] --END-- [ RunTime:0.000800s ]
ERR: 非法操作:js

[ 2018-12-25T16:20:43+08:00 ] ::1 /ActivityManage/index.php/Student/Activity/js/raphael-min.js
INFO: [ app_init ] --START--
INFO: Run Behavior\BuildLiteBehavior [ RunTime:0.000014s ]
INFO: [ app_init ] --END-- [ RunTime:0.000429s ]
ERR: 非法操作:js

[ 2018-12-25T16:20:46+08:00 ] ::1 /ActivityManage/index.php/Student/Activity/showJoin?id=1
INFO: [ app_init ] --START--
INFO: Run Behavior\BuildLiteBehavior [ RunTime:0.000014s ]
INFO: [ app_init ] --END-- [ RunTime:0.000410s ]

[ 2018-12-25T16:20:47+08:00 ] ::1 /ActivityManage/index.php/Student/Activity/js/raphael-min.js
INFO: [ app_init ] --START--
INFO: Run Behavior\BuildLiteBehavior [ RunTime:0.000015s ]
INFO: [ app_init ] --END-- [ RunTime:0.000481s ]
ERR: 非法操作:js

[ 2018-12-25T16:20:48+08:00 ] ::1 /ActivityManage/index.php/Student/Activity/showActivity
INFO: [ app_init ] --START--
INFO: Run Behavior\BuildLiteBehavior [ RunTime:0.000014s ]
INFO: [ app_init ] --END-- [ RunTime:0.000413s ]

[ 2018-12-25T16:20:48+08:00 ] ::1 /ActivityManage/index.php/Student/Activity/js/raphael-min.js
INFO: [ app_init ] --START--
INFO: Run Behavior\BuildLiteBehavior [ RunTime:0.000022s ]
INFO: [ app_init ] --END-- [ RunTime:0.000687s ]
ERR: 非法操作:js

[ 2018-12-25T16:20:48+08:00 ] ::1 /ActivityManage/index.php/Student/Activity/js/raphael-min.js
INFO: [ app_init ] --START--
INFO: Run Behavior\BuildLiteBehavior [ RunTime:0.000028s ]
INFO: [ app_init ] --END-- [ RunTime:0.000452s ]
ERR: 非法操作:js

[ 2018-12-25T16:20:49+08:00 ] ::1 /ActivityManage/index.php/Student/Activity/applyActivity
INFO: [ app_init ] --START--
INFO: Run Behavior\BuildLiteBehavior [ RunTime:0.000015s ]
INFO: [ app_init ] --END-- [ RunTime:0.000476s ]

[ 2018-12-25T16:20:49+08:00 ] ::1 /ActivityManage/index.php/Student/Activity/js/raphael-min.js
INFO: [ app_init ] --START--
INFO: Run Behavior\BuildLiteBehavior [ RunTime:0.000015s ]
INFO: [ app_init ] --END-- [ RunTime:0.000459s ]
ERR: 非法操作:js

[ 2018-12-25T16:20:49+08:00 ] ::1 /ActivityManage/index.php/Student/Activity/js/raphael-min.js
INFO: [ app_init ] --START--
INFO: Run Behavior\BuildLiteBehavior [ RunTime:0.000014s ]
INFO: [ app_init ] --END-- [ RunTime:0.000412s ]
ERR: 非法操作:js

[ 2018-12-25T16:20:51+08:00 ] ::1 /ActivityManage/index.php/Student/Activity/showActivity
INFO: [ app_init ] --START--
INFO: Run Behavior\BuildLiteBehavior [ RunTime:0.000014s ]
INFO: [ app_init ] --END-- [ RunTime:0.000434s ]

[ 2018-12-25T16:20:51+08:00 ] ::1 /ActivityManage/index.php/Student/Activity/js/raphael-min.js
INFO: [ app_init ] --START--
INFO: Run Behavior\BuildLiteBehavior [ RunTime:0.000023s ]
INFO: [ app_init ] --END-- [ RunTime:0.000693s ]
ERR: 非法操作:js

[ 2018-12-25T16:20:51+08:00 ] ::1 /ActivityManage/index.php/Student/Activity/js/raphael-min.js
INFO: [ app_init ] --START--
INFO: Run Behavior\BuildLiteBehavior [ RunTime:0.000020s ]
INFO: [ app_init ] --END-- [ RunTime:0.000526s ]
ERR: 非法操作:js

[ 2018-12-25T16:20:51+08:00 ] ::1 /ActivityManage/index.php/Student/Activity/applyActivity
INFO: [ app_init ] --START--
INFO: Run Behavior\BuildLiteBehavior [ RunTime:0.000013s ]
INFO: [ app_init ] --END-- [ RunTime:0.000411s ]

[ 2018-12-25T16:20:51+08:00 ] ::1 /ActivityManage/index.php/Student/Activity/js/raphael-min.js
INFO: [ app_init ] --START--
INFO: Run Behavior\BuildLiteBehavior [ RunTime:0.000178s ]
INFO: [ app_init ] --END-- [ RunTime:0.000895s ]
ERR: 非法操作:js

[ 2018-12-25T16:20:51+08:00 ] ::1 /ActivityManage/index.php/Student/Activity/js/raphael-min.js
INFO: [ app_init ] --START--
INFO: Run Behavior\BuildLiteBehavior [ RunTime:0.000014s ]
INFO: [ app_init ] --END-- [ RunTime:0.000433s ]
ERR: 非法操作:js

[ 2018-12-25T16:23:19+08:00 ] ::1 /ActivityManage/index.php/Student/Activity/applyActivity
INFO: [ app_init ] --START--
INFO: Run Behavior\BuildLiteBehavior [ RunTime:0.000015s ]
INFO: [ app_init ] --END-- [ RunTime:0.000447s ]

[ 2018-12-25T16:23:19+08:00 ] ::1 /ActivityManage/index.php/Student/Activity/js/raphael-min.js
INFO: [ app_init ] --START--
INFO: Run Behavior\BuildLiteBehavior [ RunTime:0.000024s ]
INFO: [ app_init ] --END-- [ RunTime:0.000567s ]
ERR: 非法操作:js

[ 2018-12-25T16:23:19+08:00 ] ::1 /ActivityManage/index.php/Student/Activity/js/raphael-min.js
INFO: [ app_init ] --START--
INFO: Run Behavior\BuildLiteBehavior [ RunTime:0.000030s ]
INFO: [ app_init ] --END-- [ RunTime:0.000782s ]
ERR: 非法操作:js

[ 2018-12-25T16:23:21+08:00 ] ::1 /ActivityManage/index.php/Student/Activity/apply/
INFO: [ app_init ] --START--
INFO: Run Behavior\BuildLiteBehavior [ RunTime:0.000014s ]
INFO: [ app_init ] --END-- [ RunTime:0.000423s ]

[ 2018-12-25T16:23:26+08:00 ] ::1 /ActivityManage/index.php/Student/Activity/js/raphael-min.js
INFO: [ app_init ] --START--
INFO: Run Behavior\BuildLiteBehavior [ RunTime:0.000037s ]
INFO: [ app_init ] --END-- [ RunTime:0.000724s ]
ERR: 非法操作:js

[ 2018-12-25T16:23:26+08:00 ] ::1 /ActivityManage/index.php/Student/Activity/js/raphael-min.js
INFO: [ app_init ] --START--
INFO: Run Behavior\BuildLiteBehavior [ RunTime:0.000015s ]
INFO: [ app_init ] --END-- [ RunTime:0.000420s ]
ERR: 非法操作:js

[ 2018-12-25T16:23:58+08:00 ] ::1 /ActivityManage/index.php/Student/Activity/applyActivity
INFO: [ app_init ] --START--
INFO: Run Behavior\BuildLiteBehavior [ RunTime:0.000015s ]
INFO: [ app_init ] --END-- [ RunTime:0.000469s ]

[ 2018-12-25T16:23:58+08:00 ] ::1 /ActivityManage/index.php/Student/Activity/js/raphael-min.js
INFO: [ app_init ] --START--
INFO: Run Behavior\BuildLiteBehavior [ RunTime:0.000016s ]
INFO: [ app_init ] --END-- [ RunTime:0.000557s ]
ERR: 非法操作:js

[ 2018-12-25T16:23:58+08:00 ] ::1 /ActivityManage/index.php/Student/Activity/js/raphael-min.js
INFO: [ app_init ] --START--
INFO: Run Behavior\BuildLiteBehavior [ RunTime:0.000016s ]
INFO: [ app_init ] --END-- [ RunTime:0.000470s ]
ERR: 非法操作:js

[ 2018-12-25T16:24:07+08:00 ] ::1 /ActivityManage/index.php/Student/Activity/apply/
INFO: [ app_init ] --START--
INFO: Run Behavior\BuildLiteBehavior [ RunTime:0.000014s ]
INFO: [ app_init ] --END-- [ RunTime:0.000413s ]

[ 2018-12-25T16:24:16+08:00 ] ::1 /ActivityManage/index.php/Student/Activity/js/raphael-min.js
INFO: [ app_init ] --START--
INFO: Run Behavior\BuildLiteBehavior [ RunTime:0.000015s ]
INFO: [ app_init ] --END-- [ RunTime:0.000562s ]
ERR: 非法操作:js

[ 2018-12-25T16:24:16+08:00 ] ::1 /ActivityManage/index.php/Student/Activity/js/raphael-min.js
INFO: [ app_init ] --START--
INFO: Run Behavior\BuildLiteBehavior [ RunTime:0.000023s ]
INFO: [ app_init ] --END-- [ RunTime:0.002578s ]
ERR: 非法操作:js

[ 2018-12-25T16:24:35+08:00 ] ::1 /ActivityManage/index.php/Student/Activity/applyActivity
INFO: [ app_init ] --START--
INFO: Run Behavior\BuildLiteBehavior [ RunTime:0.000014s ]
INFO: [ app_init ] --END-- [ RunTime:0.000405s ]

[ 2018-12-25T16:24:35+08:00 ] ::1 /ActivityManage/index.php/Student/Activity/js/raphael-min.js
INFO: [ app_init ] --START--
INFO: Run Behavior\BuildLiteBehavior [ RunTime:0.000036s ]
INFO: [ app_init ] --END-- [ RunTime:0.000591s ]
ERR: 非法操作:js

[ 2018-12-25T16:24:35+08:00 ] ::1 /ActivityManage/index.php/Student/Activity/js/raphael-min.js
INFO: [ app_init ] --START--
INFO: Run Behavior\BuildLiteBehavior [ RunTime:0.000015s ]
INFO: [ app_init ] --END-- [ RunTime:0.000455s ]
ERR: 非法操作:js

[ 2018-12-25T16:24:47+08:00 ] ::1 /ActivityManage/index.php/Student/Activity/apply/
INFO: [ app_init ] --START--
INFO: Run Behavior\BuildLiteBehavior [ RunTime:0.000015s ]
INFO: [ app_init ] --END-- [ RunTime:0.000437s ]

[ 2018-12-25T16:24:50+08:00 ] ::1 /ActivityManage/index.php/Student/Activity/js/raphael-min.js
INFO: [ app_init ] --START--
INFO: Run Behavior\BuildLiteBehavior [ RunTime:0.000017s ]
INFO: [ app_init ] --END-- [ RunTime:0.000545s ]
ERR: 非法操作:js

[ 2018-12-25T16:27:06+08:00 ] ::1 /ActivityManage/index.php/Student/Activity/applyActivity
INFO: [ app_init ] --START--
INFO: Run Behavior\BuildLiteBehavior [ RunTime:0.000013s ]
INFO: [ app_init ] --END-- [ RunTime:0.000422s ]

[ 2018-12-25T16:27:06+08:00 ] ::1 /ActivityManage/index.php/Student/Activity/js/raphael-min.js
INFO: [ app_init ] --START--
INFO: Run Behavior\BuildLiteBehavior [ RunTime:0.000016s ]
INFO: [ app_init ] --END-- [ RunTime:0.000691s ]
ERR: 非法操作:js

[ 2018-12-25T16:27:07+08:00 ] ::1 /ActivityManage/index.php/Student/Activity/js/raphael-min.js
INFO: [ app_init ] --START--
INFO: Run Behavior\BuildLiteBehavior [ RunTime:0.000026s ]
INFO: [ app_init ] --END-- [ RunTime:0.000830s ]
ERR: 非法操作:js

[ 2018-12-25T16:27:16+08:00 ] ::1 /ActivityManage/index.php/Student/Activity/apply/
INFO: [ app_init ] --START--
INFO: Run Behavior\BuildLiteBehavior [ RunTime:0.000015s ]
INFO: [ app_init ] --END-- [ RunTime:0.000437s ]

[ 2018-12-25T16:28:36+08:00 ] ::1 /ActivityManage/index.php/Student/Activity/js/raphael-min.js
INFO: [ app_init ] --START--
INFO: Run Behavior\BuildLiteBehavior [ RunTime:0.000022s ]
INFO: [ app_init ] --END-- [ RunTime:0.000764s ]
ERR: 非法操作:js

[ 2018-12-25T16:28:36+08:00 ] ::1 /ActivityManage/index.php/Student/Activity/js/raphael-min.js
INFO: [ app_init ] --START--
INFO: Run Behavior\BuildLiteBehavior [ RunTime:0.000022s ]
INFO: [ app_init ] --END-- [ RunTime:0.000709s ]
ERR: 非法操作:js

[ 2018-12-25T16:28:37+08:00 ] ::1 /ActivityManage/index.php/Student/Activity/applyActivity
INFO: [ app_init ] --START--
INFO: Run Behavior\BuildLiteBehavior [ RunTime:0.000015s ]
INFO: [ app_init ] --END-- [ RunTime:0.000412s ]

[ 2018-12-25T16:28:37+08:00 ] ::1 /ActivityManage/index.php/Student/Activity/js/raphael-min.js
INFO: [ app_init ] --START--
INFO: Run Behavior\BuildLiteBehavior [ RunTime:0.000023s ]
INFO: [ app_init ] --END-- [ RunTime:0.000777s ]
ERR: 非法操作:js

[ 2018-12-25T16:28:37+08:00 ] ::1 /ActivityManage/index.php/Student/Activity/js/raphael-min.js
INFO: [ app_init ] --START--
INFO: Run Behavior\BuildLiteBehavior [ RunTime:0.000023s ]
INFO: [ app_init ] --END-- [ RunTime:0.000442s ]
ERR: 非法操作:js

[ 2018-12-25T16:28:46+08:00 ] ::1 /ActivityManage/index.php/Student/Activity/apply/
INFO: [ app_init ] --START--
INFO: Run Behavior\BuildLiteBehavior [ RunTime:0.000015s ]
INFO: [ app_init ] --END-- [ RunTime:0.000434s ]

[ 2018-12-25T16:28:48+08:00 ] ::1 /ActivityManage/index.php/Student/Activity/js/raphael-min.js
INFO: [ app_init ] --START--
INFO: Run Behavior\BuildLiteBehavior [ RunTime:0.000024s ]
INFO: [ app_init ] --END-- [ RunTime:0.000688s ]
ERR: 非法操作:js

[ 2018-12-25T16:29:01+08:00 ] ::1 /ActivityManage/index.php/Student/Activity/applyActivity
INFO: [ app_init ] --START--
INFO: Run Behavior\BuildLiteBehavior [ RunTime:0.000015s ]
INFO: [ app_init ] --END-- [ RunTime:0.000449s ]

[ 2018-12-25T16:29:01+08:00 ] ::1 /ActivityManage/index.php/Student/Activity/js/raphael-min.js
INFO: [ app_init ] --START--
INFO: Run Behavior\BuildLiteBehavior [ RunTime:0.000031s ]
INFO: [ app_init ] --END-- [ RunTime:0.001427s ]
ERR: 非法操作:js

[ 2018-12-25T16:29:01+08:00 ] ::1 /ActivityManage/index.php/Student/Activity/js/raphael-min.js
INFO: [ app_init ] --START--
INFO: Run Behavior\BuildLiteBehavior [ RunTime:0.000014s ]
INFO: [ app_init ] --END-- [ RunTime:0.000417s ]
ERR: 非法操作:js

[ 2018-12-25T16:29:12+08:00 ] ::1 /ActivityManage/index.php/Student/Activity/apply/
INFO: [ app_init ] --START--
INFO: Run Behavior\BuildLiteBehavior [ RunTime:0.000024s ]
INFO: [ app_init ] --END-- [ RunTime:0.000698s ]

[ 2018-12-25T16:29:14+08:00 ] ::1 /ActivityManage/index.php/Student/Activity/js/raphael-min.js
INFO: [ app_init ] --START--
INFO: Run Behavior\BuildLiteBehavior [ RunTime:0.000015s ]
INFO: [ app_init ] --END-- [ RunTime:0.000474s ]
ERR: 非法操作:js

[ 2018-12-25T16:29:14+08:00 ] ::1 /ActivityManage/index.php/Student/Activity/js/raphael-min.js
INFO: [ app_init ] --START--
INFO: Run Behavior\BuildLiteBehavior [ RunTime:0.000018s ]
INFO: [ app_init ] --END-- [ RunTime:0.000535s ]
ERR: 非法操作:js

