[ 2018-02-09T20:56:56+08:00 ] ::1 /paper/index.php/Admin/index/index
INFO: [ app_init ] --START--
INFO: Run Behavior\BuildLiteBehavior [ RunTime:0.000010s ]
INFO: [ app_init ] --END-- [ RunTime:0.000053s ]

[ 2018-02-09T20:56:56+08:00 ] ::1 /paper/index.php/Admin/index/js/raphael-min.js
INFO: [ app_init ] --START--
INFO: Run Behavior\BuildLiteBehavior [ RunTime:0.000011s ]
INFO: [ app_init ] --END-- [ RunTime:0.000063s ]
ERR: 非法操作:js

[ 2018-02-09T21:00:47+08:00 ] ::1 /paper/index.php/Admin/User/showAdmin
INFO: [ app_init ] --START--
INFO: Run Behavior\BuildLiteBehavior [ RunTime:0.000029s ]
INFO: [ app_init ] --END-- [ RunTime:0.000112s ]
ERR: 1146:Table 'demo.admin' doesn't exist
 [ SQL语句 ] : SHOW COLUMNS FROM `admin`

[ 2018-02-09T21:00:53+08:00 ] ::1 /paper/index.php/Admin/index/js/raphael-min.js
INFO: [ app_init ] --START--
INFO: Run Behavior\BuildLiteBehavior [ RunTime:0.000014s ]
INFO: [ app_init ] --END-- [ RunTime:0.000076s ]
ERR: 非法操作:js

[ 2018-02-09T21:01:20+08:00 ] ::1 /paper/index.php/Admin/User/showAdmin
INFO: [ app_init ] --START--
INFO: Run Behavior\BuildLiteBehavior [ RunTime:0.000010s ]
INFO: [ app_init ] --END-- [ RunTime:0.000074s ]
ERR: 1146:Table 'demo.admin' doesn't exist
 [ SQL语句 ] : SHOW COLUMNS FROM `admin`

[ 2018-02-09T21:01:35+08:00 ] ::1 /paper/index.php/Admin/index/js/raphael-min.js
INFO: [ app_init ] --START--
INFO: Run Behavior\BuildLiteBehavior [ RunTime:0.000014s ]
INFO: [ app_init ] --END-- [ RunTime:0.000113s ]
ERR: 非法操作:js

[ 2018-02-09T21:01:53+08:00 ] ::1 /paper/index.php/Admin/User/showAdmin
INFO: [ app_init ] --START--
INFO: Run Behavior\BuildLiteBehavior [ RunTime:0.000016s ]
INFO: [ app_init ] --END-- [ RunTime:0.000085s ]
ERR: 1146:Table 'demo.admin' doesn't exist
 [ SQL语句 ] : SHOW COLUMNS FROM `admin`

[ 2018-02-09T21:03:56+08:00 ] ::1 /paper/index.php/Admin/User/showAdmin
INFO: [ app_init ] --START--
INFO: Run Behavior\BuildLiteBehavior [ RunTime:0.000037s ]
INFO: [ app_init ] --END-- [ RunTime:0.000243s ]

[ 2018-02-09T21:03:57+08:00 ] ::1 /paper/index.php/Admin/User/js/raphael-min.js
INFO: [ app_init ] --START--
INFO: Run Behavior\BuildLiteBehavior [ RunTime:0.000016s ]
INFO: [ app_init ] --END-- [ RunTime:0.000085s ]
ERR: 非法操作:js

[ 2018-02-09T21:04:48+08:00 ] ::1 /paper/index.php/Admin/User/intoUser
INFO: [ app_init ] --START--
INFO: Run Behavior\BuildLiteBehavior [ RunTime:0.000010s ]
INFO: [ app_init ] --END-- [ RunTime:0.000053s ]

[ 2018-02-09T21:04:48+08:00 ] ::1 /paper/index.php/Admin/User/js/raphael-min.js
INFO: [ app_init ] --START--
INFO: Run Behavior\BuildLiteBehavior [ RunTime:0.000011s ]
INFO: [ app_init ] --END-- [ RunTime:0.000062s ]
ERR: 非法操作:js

[ 2018-02-09T21:06:05+08:00 ] ::1 /paper/index.php/Admin/User/intoUser
INFO: [ app_init ] --START--
INFO: Run Behavior\BuildLiteBehavior [ RunTime:0.000010s ]
INFO: [ app_init ] --END-- [ RunTime:0.000051s ]

[ 2018-02-09T21:06:05+08:00 ] ::1 /paper/index.php/Admin/User/js/raphael-min.js
INFO: [ app_init ] --START--
INFO: Run Behavior\BuildLiteBehavior [ RunTime:0.000014s ]
INFO: [ app_init ] --END-- [ RunTime:0.000071s ]
ERR: 非法操作:js

[ 2018-02-09T21:06:18+08:00 ] ::1 /paper/index.php/Admin/User/intoUser/
INFO: [ app_init ] --START--
INFO: Run Behavior\BuildLiteBehavior [ RunTime:0.000009s ]
INFO: [ app_init ] --END-- [ RunTime:0.000047s ]

[ 2018-02-09T21:09:08+08:00 ] ::1 /paper/index.php/Admin/User/intoUser/
INFO: [ app_init ] --START--
INFO: Run Behavior\BuildLiteBehavior [ RunTime:0.000012s ]
INFO: [ app_init ] --END-- [ RunTime:0.000559s ]

[ 2018-02-09T21:11:19+08:00 ] ::1 /paper/index.php/Admin/User/intoUser/
INFO: [ app_init ] --START--
INFO: Run Behavior\BuildLiteBehavior [ RunTime:0.000014s ]
INFO: [ app_init ] --END-- [ RunTime:0.000593s ]
ERR: 1452:Cannot add or update a child row: a foreign key constraint fails (`demo`.`paper_teacher`, CONSTRAINT `paper_teacher_sid` FOREIGN KEY (`sid`) REFERENCES `paper_system` (`id`))
 [ SQL语句 ] : INSERT INTO `paper_teacher` (`id`,`name`,`sid`,`password`) VALUES ('1630090135','朱明义','r0001','e10adc3949')

[ 2018-02-09T21:11:29+08:00 ] ::1 /paper/index.php/Admin/User/js/raphael-min.js
INFO: [ app_init ] --START--
INFO: Run Behavior\BuildLiteBehavior [ RunTime:0.000053s ]
INFO: [ app_init ] --END-- [ RunTime:0.001528s ]
ERR: 非法操作:js

[ 2018-02-09T21:11:51+08:00 ] ::1 /paper/index.php/Admin/System/into
INFO: [ app_init ] --START--
INFO: Run Behavior\BuildLiteBehavior [ RunTime:0.000010s ]
INFO: [ app_init ] --END-- [ RunTime:0.000473s ]

[ 2018-02-09T21:11:51+08:00 ] ::1 /paper/index.php/Admin/System/js/raphael-min.js
INFO: [ app_init ] --START--
INFO: Run Behavior\BuildLiteBehavior [ RunTime:0.000019s ]
INFO: [ app_init ] --END-- [ RunTime:0.000728s ]
ERR: 非法操作:js

[ 2018-02-09T21:13:46+08:00 ] ::1 /paper/index.php/Admin/System/into/
INFO: [ app_init ] --START--
INFO: Run Behavior\BuildLiteBehavior [ RunTime:0.000013s ]
INFO: [ app_init ] --END-- [ RunTime:0.000421s ]

[ 2018-02-09T21:13:46+08:00 ] ::1 /paper/index.php/Admin/System/into/js/raphael-min.js
INFO: [ app_init ] --START--
INFO: Run Behavior\BuildLiteBehavior [ RunTime:0.000018s ]
INFO: [ app_init ] --END-- [ RunTime:0.000601s ]

[ 2018-02-09T21:13:51+08:00 ] ::1 /paper/index.php/Admin/User/intoUser
INFO: [ app_init ] --START--
INFO: Run Behavior\BuildLiteBehavior [ RunTime:0.000011s ]
INFO: [ app_init ] --END-- [ RunTime:0.000335s ]

[ 2018-02-09T21:13:51+08:00 ] ::1 /paper/index.php/Admin/User/js/raphael-min.js
INFO: [ app_init ] --START--
INFO: Run Behavior\BuildLiteBehavior [ RunTime:0.000013s ]
INFO: [ app_init ] --END-- [ RunTime:0.000401s ]
ERR: 非法操作:js

[ 2018-02-09T21:14:00+08:00 ] ::1 /paper/index.php/Admin/User/intoUser
INFO: [ app_init ] --START--
INFO: Run Behavior\BuildLiteBehavior [ RunTime:0.000016s ]
INFO: [ app_init ] --END-- [ RunTime:0.000588s ]

[ 2018-02-09T21:14:00+08:00 ] ::1 /paper/index.php/Admin/User/js/raphael-min.js
INFO: [ app_init ] --START--
INFO: Run Behavior\BuildLiteBehavior [ RunTime:0.000012s ]
INFO: [ app_init ] --END-- [ RunTime:0.000494s ]
ERR: 非法操作:js

[ 2018-02-09T21:14:16+08:00 ] ::1 /paper/index.php/Admin/User/intoUser
INFO: [ app_init ] --START--
INFO: Run Behavior\BuildLiteBehavior [ RunTime:0.000010s ]
INFO: [ app_init ] --END-- [ RunTime:0.000341s ]

[ 2018-02-09T21:14:16+08:00 ] ::1 /paper/index.php/Admin/User/js/raphael-min.js
INFO: [ app_init ] --START--
INFO: Run Behavior\BuildLiteBehavior [ RunTime:0.000018s ]
INFO: [ app_init ] --END-- [ RunTime:0.000664s ]
ERR: 非法操作:js

[ 2018-02-09T21:14:44+08:00 ] ::1 /paper/index.php/Admin/User/intoUser/
INFO: [ app_init ] --START--
INFO: Run Behavior\BuildLiteBehavior [ RunTime:0.000010s ]
INFO: [ app_init ] --END-- [ RunTime:0.000377s ]
ERR: 1062:Duplicate entry '1630090136' for key 'PRIMARY'
 [ SQL语句 ] : INSERT INTO `paper_admin` (`id`,`name`,`password`) VALUES ('1630090136','朱忠贤','e10adc3949')

[ 2018-02-09T21:15:29+08:00 ] ::1 /paper/index.php/Admin/User/js/raphael-min.js
INFO: [ app_init ] --START--
INFO: Run Behavior\BuildLiteBehavior [ RunTime:0.000013s ]
INFO: [ app_init ] --END-- [ RunTime:0.000668s ]
ERR: 非法操作:js

[ 2018-02-09T21:15:33+08:00 ] ::1 /paper/index.php/Admin/Teacher/intoRelation
INFO: [ app_init ] --START--
INFO: Run Behavior\BuildLiteBehavior [ RunTime:0.000018s ]
INFO: [ app_init ] --END-- [ RunTime:0.000726s ]

[ 2018-02-09T21:15:33+08:00 ] ::1 /paper/index.php/Admin/Teacher/js/raphael-min.js
INFO: [ app_init ] --START--
INFO: Run Behavior\BuildLiteBehavior [ RunTime:0.000015s ]
INFO: [ app_init ] --END-- [ RunTime:0.000448s ]
ERR: 非法操作:js

[ 2018-02-09T21:15:40+08:00 ] ::1 /paper/index.php/Admin/Teacher/intoRelation/
INFO: [ app_init ] --START--
INFO: Run Behavior\BuildLiteBehavior [ RunTime:0.000017s ]
INFO: [ app_init ] --END-- [ RunTime:0.000701s ]

[ 2018-02-09T21:15:40+08:00 ] ::1 /paper/index.php/Admin/Teacher/intoRelation/js/raphael-min.js
INFO: [ app_init ] --START--
INFO: Run Behavior\BuildLiteBehavior [ RunTime:0.000034s ]
INFO: [ app_init ] --END-- [ RunTime:0.000668s ]

[ 2018-02-09T21:15:51+08:00 ] ::1 /paper/index.php/Admin/User/intoUser
INFO: [ app_init ] --START--
INFO: Run Behavior\BuildLiteBehavior [ RunTime:0.000012s ]
INFO: [ app_init ] --END-- [ RunTime:0.000384s ]

[ 2018-02-09T21:15:51+08:00 ] ::1 /paper/index.php/Admin/User/js/raphael-min.js
INFO: [ app_init ] --START--
INFO: Run Behavior\BuildLiteBehavior [ RunTime:0.000012s ]
INFO: [ app_init ] --END-- [ RunTime:0.000490s ]
ERR: 非法操作:js

[ 2018-02-09T21:15:56+08:00 ] ::1 /paper/index.php/Admin/User/intoUser/
INFO: [ app_init ] --START--
INFO: Run Behavior\BuildLiteBehavior [ RunTime:0.000018s ]
INFO: [ app_init ] --END-- [ RunTime:0.000822s ]
ERR: 1062:Duplicate entry '1630090136' for key 'PRIMARY'
 [ SQL语句 ] : INSERT INTO `paper_admin` (`id`,`name`,`password`) VALUES ('1630090136','朱忠贤','e10adc3949')

[ 2018-02-09T21:16:11+08:00 ] ::1 /paper/index.php/Admin/User/js/raphael-min.js
INFO: [ app_init ] --START--
INFO: Run Behavior\BuildLiteBehavior [ RunTime:0.000021s ]
INFO: [ app_init ] --END-- [ RunTime:0.000559s ]
ERR: 非法操作:js

[ 2018-02-09T21:16:18+08:00 ] ::1 /paper/index.php/Admin/User/intoUser
INFO: [ app_init ] --START--
INFO: Run Behavior\BuildLiteBehavior [ RunTime:0.000012s ]
INFO: [ app_init ] --END-- [ RunTime:0.000506s ]

[ 2018-02-09T21:16:18+08:00 ] ::1 /paper/index.php/Admin/User/js/raphael-min.js
INFO: [ app_init ] --START--
INFO: Run Behavior\BuildLiteBehavior [ RunTime:0.000015s ]
INFO: [ app_init ] --END-- [ RunTime:0.002176s ]
ERR: 非法操作:js

[ 2018-02-09T21:16:47+08:00 ] ::1 /paper/index.php/Admin/User/js/raphael-min.js
INFO: [ app_init ] --START--
INFO: Run Behavior\BuildLiteBehavior [ RunTime:0.000011s ]
INFO: [ app_init ] --END-- [ RunTime:0.000347s ]
ERR: 非法操作:js

[ 2018-02-09T21:16:49+08:00 ] ::1 /paper/index.php/Admin/User/js/raphael-min.js
INFO: [ app_init ] --START--
INFO: Run Behavior\BuildLiteBehavior [ RunTime:0.000039s ]
INFO: [ app_init ] --END-- [ RunTime:0.001252s ]
ERR: 非法操作:js

[ 2018-02-09T21:16:53+08:00 ] ::1 /paper/index.php/Admin/Teacher/intoRelation
INFO: [ app_init ] --START--
INFO: Run Behavior\BuildLiteBehavior [ RunTime:0.000011s ]
INFO: [ app_init ] --END-- [ RunTime:0.000398s ]

[ 2018-02-09T21:16:53+08:00 ] ::1 /paper/index.php/Admin/Teacher/js/raphael-min.js
INFO: [ app_init ] --START--
INFO: Run Behavior\BuildLiteBehavior [ RunTime:0.000011s ]
INFO: [ app_init ] --END-- [ RunTime:0.000460s ]
ERR: 非法操作:js

[ 2018-02-09T21:16:55+08:00 ] ::1 /paper/index.php/Admin/User/intoUser
INFO: [ app_init ] --START--
INFO: Run Behavior\BuildLiteBehavior [ RunTime:0.000021s ]
INFO: [ app_init ] --END-- [ RunTime:0.000678s ]

[ 2018-02-09T21:16:55+08:00 ] ::1 /paper/index.php/Admin/User/js/raphael-min.js
INFO: [ app_init ] --START--
INFO: Run Behavior\BuildLiteBehavior [ RunTime:0.000018s ]
INFO: [ app_init ] --END-- [ RunTime:0.000559s ]
ERR: 非法操作:js

[ 2018-02-09T21:17:03+08:00 ] ::1 /paper/index.php/Admin/User/intoUser/
INFO: [ app_init ] --START--
INFO: Run Behavior\BuildLiteBehavior [ RunTime:0.000020s ]
INFO: [ app_init ] --END-- [ RunTime:0.000476s ]
ERR: 1062:Duplicate entry '1630090136' for key 'PRIMARY'
 [ SQL语句 ] : INSERT INTO `paper_admin` (`id`,`name`,`password`) VALUES ('1630090136','朱忠贤','e10adc3949')

[ 2018-02-09T21:18:57+08:00 ] ::1 /paper/index.php/Admin/User/js/raphael-min.js
INFO: [ app_init ] --START--
INFO: Run Behavior\BuildLiteBehavior [ RunTime:0.000019s ]
INFO: [ app_init ] --END-- [ RunTime:0.000813s ]
ERR: 非法操作:js

[ 2018-02-09T21:19:29+08:00 ] ::1 /paper/index.php/Admin/User/intoUser/
INFO: [ app_init ] --START--
INFO: Run Behavior\BuildLiteBehavior [ RunTime:0.000021s ]
INFO: [ app_init ] --END-- [ RunTime:0.000753s ]
ERR: 1062:Duplicate entry '1630090133' for key 'PRIMARY'
 [ SQL语句 ] : INSERT INTO `paper_leader` (`id`,`name`,`sid`,`password`) VALUES ('1630090133','张起顺','r0001','e10adc3949')

[ 2018-02-09T21:20:05+08:00 ] ::1 /paper/index.php/Admin/User/js/raphael-min.js
INFO: [ app_init ] --START--
INFO: Run Behavior\BuildLiteBehavior [ RunTime:0.000018s ]
INFO: [ app_init ] --END-- [ RunTime:0.000554s ]
ERR: 非法操作:js

[ 2018-02-09T21:20:07+08:00 ] ::1 /paper/index.php/Admin/User/intoUser
INFO: [ app_init ] --START--
INFO: Run Behavior\BuildLiteBehavior [ RunTime:0.000013s ]
INFO: [ app_init ] --END-- [ RunTime:0.000459s ]

[ 2018-02-09T21:20:07+08:00 ] ::1 /paper/index.php/Admin/User/js/raphael-min.js
INFO: [ app_init ] --START--
INFO: Run Behavior\BuildLiteBehavior [ RunTime:0.000031s ]
INFO: [ app_init ] --END-- [ RunTime:0.000587s ]
ERR: 非法操作:js

[ 2018-02-09T21:20:13+08:00 ] ::1 /paper/index.php/Admin/User/intoUser/
INFO: [ app_init ] --START--
INFO: Run Behavior\BuildLiteBehavior [ RunTime:0.000016s ]
INFO: [ app_init ] --END-- [ RunTime:0.000715s ]
ERR: 1062:Duplicate entry '1630090136' for key 'PRIMARY'
 [ SQL语句 ] : INSERT INTO `paper_admin` (`id`,`name`,`password`) VALUES ('1630090136','朱忠贤','e10adc3949')

[ 2018-02-09T21:22:18+08:00 ] ::1 /paper/index.php/Admin/User/js/raphael-min.js
INFO: [ app_init ] --START--
INFO: Run Behavior\BuildLiteBehavior [ RunTime:0.000013s ]
INFO: [ app_init ] --END-- [ RunTime:0.000517s ]
ERR: 非法操作:js

[ 2018-02-09T21:22:21+08:00 ] ::1 /paper/index.php/Admin/User/intoUser
INFO: [ app_init ] --START--
INFO: Run Behavior\BuildLiteBehavior [ RunTime:0.000017s ]
INFO: [ app_init ] --END-- [ RunTime:0.000686s ]

[ 2018-02-09T21:22:21+08:00 ] ::1 /paper/index.php/Admin/User/js/raphael-min.js
INFO: [ app_init ] --START--
INFO: Run Behavior\BuildLiteBehavior [ RunTime:0.000011s ]
INFO: [ app_init ] --END-- [ RunTime:0.000425s ]
ERR: 非法操作:js

[ 2018-02-09T21:22:28+08:00 ] ::1 /paper/index.php/Admin/User/intoUser/
INFO: [ app_init ] --START--
INFO: Run Behavior\BuildLiteBehavior [ RunTime:0.000033s ]
INFO: [ app_init ] --END-- [ RunTime:0.000380s ]
ERR: 1062:Duplicate entry '1630090133' for key 'PRIMARY'
 [ SQL语句 ] : INSERT INTO `paper_leader` (`id`,`name`,`sid`,`password`) VALUES ('1630090133','张起顺','r0001','e10adc3949')

[ 2018-02-09T21:22:33+08:00 ] ::1 /paper/index.php/Admin/User/js/raphael-min.js
INFO: [ app_init ] --START--
INFO: Run Behavior\BuildLiteBehavior [ RunTime:0.000013s ]
INFO: [ app_init ] --END-- [ RunTime:0.000563s ]
ERR: 非法操作:js

[ 2018-02-09T21:22:34+08:00 ] ::1 /paper/index.php/Admin/User/intoUser
INFO: [ app_init ] --START--
INFO: Run Behavior\BuildLiteBehavior [ RunTime:0.000010s ]
INFO: [ app_init ] --END-- [ RunTime:0.000366s ]

[ 2018-02-09T21:22:34+08:00 ] ::1 /paper/index.php/Admin/User/js/raphael-min.js
INFO: [ app_init ] --START--
INFO: Run Behavior\BuildLiteBehavior [ RunTime:0.000017s ]
INFO: [ app_init ] --END-- [ RunTime:0.000722s ]
ERR: 非法操作:js

[ 2018-02-09T21:22:37+08:00 ] ::1 /paper/index.php/Admin/User/intoUser
INFO: [ app_init ] --START--
INFO: Run Behavior\BuildLiteBehavior [ RunTime:0.000020s ]
INFO: [ app_init ] --END-- [ RunTime:0.000783s ]

[ 2018-02-09T21:22:40+08:00 ] ::1 /paper/index.php/Admin/User/js/raphael-min.js
INFO: [ app_init ] --START--
INFO: Run Behavior\BuildLiteBehavior [ RunTime:0.000018s ]
INFO: [ app_init ] --END-- [ RunTime:0.000719s ]
ERR: 非法操作:js

[ 2018-02-09T21:22:56+08:00 ] ::1 /paper/index.php/Admin/User/intoUser/
INFO: [ app_init ] --START--
INFO: Run Behavior\BuildLiteBehavior [ RunTime:0.000066s ]
INFO: [ app_init ] --END-- [ RunTime:0.002642s ]
ERR: 1062:Duplicate entry '1630090133' for key 'PRIMARY'
 [ SQL语句 ] : INSERT INTO `paper_leader` (`id`,`name`,`sid`,`password`) VALUES ('1630090133','张起顺','r0001','e10adc3949')

[ 2018-02-09T21:23:09+08:00 ] ::1 /paper/index.php/Admin/User/js/raphael-min.js
INFO: [ app_init ] --START--
INFO: Run Behavior\BuildLiteBehavior [ RunTime:0.000022s ]
INFO: [ app_init ] --END-- [ RunTime:0.000863s ]
ERR: 非法操作:js

[ 2018-02-09T21:23:11+08:00 ] ::1 /paper/index.php/Admin/User/intoUser
INFO: [ app_init ] --START--
INFO: Run Behavior\BuildLiteBehavior [ RunTime:0.000010s ]
INFO: [ app_init ] --END-- [ RunTime:0.000487s ]

[ 2018-02-09T21:23:11+08:00 ] ::1 /paper/index.php/Admin/User/js/raphael-min.js
INFO: [ app_init ] --START--
INFO: Run Behavior\BuildLiteBehavior [ RunTime:0.000012s ]
INFO: [ app_init ] --END-- [ RunTime:0.000401s ]
ERR: 非法操作:js

[ 2018-02-09T21:24:56+08:00 ] ::1 /paper/index.php/Admin/Teacher/intoRelation
INFO: [ app_init ] --START--
INFO: Run Behavior\BuildLiteBehavior [ RunTime:0.000012s ]
INFO: [ app_init ] --END-- [ RunTime:0.000496s ]

[ 2018-02-09T21:24:56+08:00 ] ::1 /paper/index.php/Admin/Teacher/js/raphael-min.js
INFO: [ app_init ] --START--
INFO: Run Behavior\BuildLiteBehavior [ RunTime:0.000012s ]
INFO: [ app_init ] --END-- [ RunTime:0.000505s ]
ERR: 非法操作:js

[ 2018-02-09T21:25:03+08:00 ] ::1 /paper/index.php/Admin/Teacher/intoRelation/
INFO: [ app_init ] --START--
INFO: Run Behavior\BuildLiteBehavior [ RunTime:0.000018s ]
INFO: [ app_init ] --END-- [ RunTime:0.000607s ]

[ 2018-02-09T21:25:03+08:00 ] ::1 /paper/index.php/Admin/Teacher/intoRelation/js/raphael-min.js
INFO: [ app_init ] --START--
INFO: Run Behavior\BuildLiteBehavior [ RunTime:0.000020s ]
INFO: [ app_init ] --END-- [ RunTime:0.000862s ]

[ 2018-02-09T21:28:39+08:00 ] ::1 /paper/index.php/Admin/Teacher/intoRelation/
INFO: [ app_init ] --START--
INFO: Run Behavior\BuildLiteBehavior [ RunTime:0.000012s ]
INFO: [ app_init ] --END-- [ RunTime:0.000451s ]

[ 2018-02-09T21:28:39+08:00 ] ::1 /paper/index.php/Admin/Teacher/intoRelation/js/raphael-min.js
INFO: [ app_init ] --START--
INFO: Run Behavior\BuildLiteBehavior [ RunTime:0.000022s ]
INFO: [ app_init ] --END-- [ RunTime:0.001938s ]

[ 2018-02-09T21:28:45+08:00 ] ::1 /paper/index.php/Admin/User/intoUser
INFO: [ app_init ] --START--
INFO: Run Behavior\BuildLiteBehavior [ RunTime:0.000011s ]
INFO: [ app_init ] --END-- [ RunTime:0.000423s ]

[ 2018-02-09T21:28:45+08:00 ] ::1 /paper/index.php/Admin/User/js/raphael-min.js
INFO: [ app_init ] --START--
INFO: Run Behavior\BuildLiteBehavior [ RunTime:0.000027s ]
INFO: [ app_init ] --END-- [ RunTime:0.000871s ]
ERR: 非法操作:js

[ 2018-02-09T21:28:53+08:00 ] ::1 /paper/index.php/Admin/User/intoUser/
INFO: [ app_init ] --START--
INFO: Run Behavior\BuildLiteBehavior [ RunTime:0.000011s ]
INFO: [ app_init ] --END-- [ RunTime:0.000413s ]

[ 2018-02-09T21:28:53+08:00 ] ::1 /paper/index.php/Admin/User/intoUser/js/raphael-min.js
INFO: [ app_init ] --START--
INFO: Run Behavior\BuildLiteBehavior [ RunTime:0.000018s ]
INFO: [ app_init ] --END-- [ RunTime:0.000585s ]

[ 2018-02-09T21:29:07+08:00 ] ::1 /paper/index.php/Admin/Teacher/intoRelation
INFO: [ app_init ] --START--
INFO: Run Behavior\BuildLiteBehavior [ RunTime:0.000017s ]
INFO: [ app_init ] --END-- [ RunTime:0.000559s ]

[ 2018-02-09T21:29:07+08:00 ] ::1 /paper/index.php/Admin/Teacher/js/raphael-min.js
INFO: [ app_init ] --START--
INFO: Run Behavior\BuildLiteBehavior [ RunTime:0.000013s ]
INFO: [ app_init ] --END-- [ RunTime:0.000507s ]
ERR: 非法操作:js

[ 2018-02-09T21:29:14+08:00 ] ::1 /paper/index.php/Admin/Teacher/intoRelation/
INFO: [ app_init ] --START--
INFO: Run Behavior\BuildLiteBehavior [ RunTime:0.000030s ]
INFO: [ app_init ] --END-- [ RunTime:0.000846s ]

[ 2018-02-09T21:29:14+08:00 ] ::1 /paper/index.php/Admin/Teacher/intoRelation/js/raphael-min.js
INFO: [ app_init ] --START--
INFO: Run Behavior\BuildLiteBehavior [ RunTime:0.000020s ]
INFO: [ app_init ] --END-- [ RunTime:0.000766s ]

[ 2018-02-09T21:31:55+08:00 ] ::1 /paper/index.php/Admin/Teacher/intoRelation/
INFO: [ app_init ] --START--
INFO: Run Behavior\BuildLiteBehavior [ RunTime:0.000012s ]
INFO: [ app_init ] --END-- [ RunTime:0.000441s ]

[ 2018-02-09T21:31:55+08:00 ] ::1 /paper/index.php/Admin/Teacher/intoRelation/js/raphael-min.js
INFO: [ app_init ] --START--
INFO: Run Behavior\BuildLiteBehavior [ RunTime:0.000020s ]
INFO: [ app_init ] --END-- [ RunTime:0.000777s ]

[ 2018-02-09T21:42:06+08:00 ] ::1 /paper/index.php/Admin/Teacher/intoRelation/
INFO: [ app_init ] --START--
INFO: Run Behavior\BuildLiteBehavior [ RunTime:0.000011s ]
INFO: [ app_init ] --END-- [ RunTime:0.000480s ]

[ 2018-02-09T21:42:06+08:00 ] ::1 /paper/index.php/Admin/Teacher/intoRelation/js/raphael-min.js
INFO: [ app_init ] --START--
INFO: Run Behavior\BuildLiteBehavior [ RunTime:0.000019s ]
INFO: [ app_init ] --END-- [ RunTime:0.001682s ]

[ 2018-02-09T21:42:07+08:00 ] ::1 /paper/index.php/Admin/Teacher/intoRelation
INFO: [ app_init ] --START--
INFO: Run Behavior\BuildLiteBehavior [ RunTime:0.000021s ]
INFO: [ app_init ] --END-- [ RunTime:0.000646s ]

[ 2018-02-09T21:42:07+08:00 ] ::1 /paper/index.php/Admin/Teacher/js/raphael-min.js
INFO: [ app_init ] --START--
INFO: Run Behavior\BuildLiteBehavior [ RunTime:0.000020s ]
INFO: [ app_init ] --END-- [ RunTime:0.000582s ]
ERR: 非法操作:js

[ 2018-02-09T21:42:14+08:00 ] ::1 /paper/index.php/Admin/Teacher/intoRelation/
INFO: [ app_init ] --START--
INFO: Run Behavior\BuildLiteBehavior [ RunTime:0.000012s ]
INFO: [ app_init ] --END-- [ RunTime:0.000524s ]

[ 2018-02-09T21:42:14+08:00 ] ::1 /paper/index.php/Admin/Teacher/intoRelation/js/raphael-min.js
INFO: [ app_init ] --START--
INFO: Run Behavior\BuildLiteBehavior [ RunTime:0.000018s ]
INFO: [ app_init ] --END-- [ RunTime:0.000570s ]

[ 2018-02-09T21:42:47+08:00 ] ::1 /paper/index.php/Admin/Teacher/intoRelation/
INFO: [ app_init ] --START--
INFO: Run Behavior\BuildLiteBehavior [ RunTime:0.000019s ]
INFO: [ app_init ] --END-- [ RunTime:0.000612s ]

[ 2018-02-09T21:42:49+08:00 ] ::1 /paper/index.php/Admin/Teacher/js/raphael-min.js
INFO: [ app_init ] --START--
INFO: Run Behavior\BuildLiteBehavior [ RunTime:0.000020s ]
INFO: [ app_init ] --END-- [ RunTime:0.000752s ]
ERR: 非法操作:js

[ 2018-02-09T21:43:56+08:00 ] ::1 /paper/index.php/Admin/Teacher/intoRelation
INFO: [ app_init ] --START--
INFO: Run Behavior\BuildLiteBehavior [ RunTime:0.000014s ]
INFO: [ app_init ] --END-- [ RunTime:0.000678s ]

[ 2018-02-09T21:43:56+08:00 ] ::1 /paper/index.php/Admin/Teacher/js/raphael-min.js
INFO: [ app_init ] --START--
INFO: Run Behavior\BuildLiteBehavior [ RunTime:0.000015s ]
INFO: [ app_init ] --END-- [ RunTime:0.000672s ]
ERR: 非法操作:js

[ 2018-02-09T21:43:58+08:00 ] ::1 /paper/index.php/Admin/Teacher/intoRelation
INFO: [ app_init ] --START--
INFO: Run Behavior\BuildLiteBehavior [ RunTime:0.000011s ]
INFO: [ app_init ] --END-- [ RunTime:0.000464s ]

[ 2018-02-09T21:43:58+08:00 ] ::1 /paper/index.php/Admin/Teacher/js/raphael-min.js
INFO: [ app_init ] --START--
INFO: Run Behavior\BuildLiteBehavior [ RunTime:0.000019s ]
INFO: [ app_init ] --END-- [ RunTime:0.001152s ]
ERR: 非法操作:js

[ 2018-02-09T21:44:05+08:00 ] ::1 /paper/index.php/Admin/Teacher/intoRelation/
INFO: [ app_init ] --START--
INFO: Run Behavior\BuildLiteBehavior [ RunTime:0.000011s ]
INFO: [ app_init ] --END-- [ RunTime:0.000518s ]

[ 2018-02-09T21:46:15+08:00 ] ::1 /paper/index.php/Admin/Teacher/intoRelation/
INFO: [ app_init ] --START--
INFO: Run Behavior\BuildLiteBehavior [ RunTime:0.000011s ]
INFO: [ app_init ] --END-- [ RunTime:0.000576s ]

[ 2018-02-09T21:46:42+08:00 ] ::1 /paper/index.php/Admin/Teacher/intoRelation/
INFO: [ app_init ] --START--
INFO: Run Behavior\BuildLiteBehavior [ RunTime:0.000018s ]
INFO: [ app_init ] --END-- [ RunTime:0.000692s ]

[ 2018-02-09T21:53:40+08:00 ] ::1 /paper/index.php/Admin/Teacher/intoRelation/
INFO: [ app_init ] --START--
INFO: Run Behavior\BuildLiteBehavior [ RunTime:0.000014s ]
INFO: [ app_init ] --END-- [ RunTime:0.000946s ]

[ 2018-02-09T21:53:55+08:00 ] ::1 /paper/index.php/Admin/Teacher/intoRelation/
INFO: [ app_init ] --START--
INFO: Run Behavior\BuildLiteBehavior [ RunTime:0.000011s ]
INFO: [ app_init ] --END-- [ RunTime:0.000466s ]

[ 2018-02-09T21:53:55+08:00 ] ::1 /paper/index.php/Admin/Teacher/intoRelation/js/raphael-min.js
INFO: [ app_init ] --START--
INFO: Run Behavior\BuildLiteBehavior [ RunTime:0.000019s ]
INFO: [ app_init ] --END-- [ RunTime:0.000732s ]

[ 2018-02-09T21:54:18+08:00 ] ::1 /paper/index.php/Admin/Teacher/intoRelation
INFO: [ app_init ] --START--
INFO: Run Behavior\BuildLiteBehavior [ RunTime:0.000273s ]
INFO: [ app_init ] --END-- [ RunTime:0.004239s ]

[ 2018-02-09T21:54:18+08:00 ] ::1 /paper/index.php/Admin/Teacher/js/raphael-min.js
INFO: [ app_init ] --START--
INFO: Run Behavior\BuildLiteBehavior [ RunTime:0.000013s ]
INFO: [ app_init ] --END-- [ RunTime:0.000559s ]
ERR: 非法操作:js

[ 2018-02-09T21:55:01+08:00 ] ::1 /paper/index.php/Admin/Teacher/intoRelation/
INFO: [ app_init ] --START--
INFO: Run Behavior\BuildLiteBehavior [ RunTime:0.000049s ]
INFO: [ app_init ] --END-- [ RunTime:0.003024s ]

[ 2018-02-09T21:55:02+08:00 ] ::1 /paper/index.php/Admin/Teacher/js/raphael-min.js
INFO: [ app_init ] --START--
INFO: Run Behavior\BuildLiteBehavior [ RunTime:0.000081s ]
INFO: [ app_init ] --END-- [ RunTime:0.002066s ]
ERR: 非法操作:js

[ 2018-02-09T21:55:17+08:00 ] ::1 /paper/index.php/Admin/Teacher/intoRelation
INFO: [ app_init ] --START--
INFO: Run Behavior\BuildLiteBehavior [ RunTime:0.000012s ]
INFO: [ app_init ] --END-- [ RunTime:0.000583s ]

[ 2018-02-09T21:55:17+08:00 ] ::1 /paper/index.php/Admin/Teacher/js/raphael-min.js
INFO: [ app_init ] --START--
INFO: Run Behavior\BuildLiteBehavior [ RunTime:0.000019s ]
INFO: [ app_init ] --END-- [ RunTime:0.000709s ]
ERR: 非法操作:js

[ 2018-02-09T21:55:24+08:00 ] ::1 /paper/index.php/Admin/Teacher/intoRelation/
INFO: [ app_init ] --START--
INFO: Run Behavior\BuildLiteBehavior [ RunTime:0.000011s ]
INFO: [ app_init ] --END-- [ RunTime:0.000447s ]

[ 2018-02-09T21:55:27+08:00 ] ::1 /paper/index.php/Admin/Teacher/js/raphael-min.js
INFO: [ app_init ] --START--
INFO: Run Behavior\BuildLiteBehavior [ RunTime:0.000039s ]
INFO: [ app_init ] --END-- [ RunTime:0.000958s ]
ERR: 非法操作:js

[ 2018-02-09T21:56:25+08:00 ] ::1 /paper/index.php/Admin/Teacher/intoRelation/
INFO: [ app_init ] --START--
INFO: Run Behavior\BuildLiteBehavior [ RunTime:0.000012s ]
INFO: [ app_init ] --END-- [ RunTime:0.000521s ]

[ 2018-02-09T21:56:25+08:00 ] ::1 /paper/index.php/Admin/Teacher/intoRelation/js/raphael-min.js
INFO: [ app_init ] --START--
INFO: Run Behavior\BuildLiteBehavior [ RunTime:0.000021s ]
INFO: [ app_init ] --END-- [ RunTime:0.000774s ]

[ 2018-02-09T21:57:21+08:00 ] ::1 /paper/index.php/Admin/Student/showGrade
INFO: [ app_init ] --START--
INFO: Run Behavior\BuildLiteBehavior [ RunTime:0.000016s ]
INFO: [ app_init ] --END-- [ RunTime:0.001666s ]

[ 2018-02-09T21:57:21+08:00 ] ::1 /paper/index.php/Admin/Student/js/raphael-min.js
INFO: [ app_init ] --START--
INFO: Run Behavior\BuildLiteBehavior [ RunTime:0.000019s ]
INFO: [ app_init ] --END-- [ RunTime:0.002278s ]
ERR: 非法操作:js

[ 2018-02-09T21:57:35+08:00 ] ::1 /paper/index.php/Admin/User/showAdmin
INFO: [ app_init ] --START--
INFO: Run Behavior\BuildLiteBehavior [ RunTime:0.000013s ]
INFO: [ app_init ] --END-- [ RunTime:0.000700s ]

[ 2018-02-09T21:57:35+08:00 ] ::1 /paper/index.php/Admin/User/js/raphael-min.js
INFO: [ app_init ] --START--
INFO: Run Behavior\BuildLiteBehavior [ RunTime:0.000022s ]
INFO: [ app_init ] --END-- [ RunTime:0.001970s ]
ERR: 非法操作:js

[ 2018-02-09T21:57:36+08:00 ] ::1 /paper/index.php/Admin/Student/showGrade
INFO: [ app_init ] --START--
INFO: Run Behavior\BuildLiteBehavior [ RunTime:0.000044s ]
INFO: [ app_init ] --END-- [ RunTime:0.001720s ]

[ 2018-02-09T21:57:36+08:00 ] ::1 /paper/index.php/Admin/Student/js/raphael-min.js
INFO: [ app_init ] --START--
INFO: Run Behavior\BuildLiteBehavior [ RunTime:0.000018s ]
INFO: [ app_init ] --END-- [ RunTime:0.000697s ]
ERR: 非法操作:js

[ 2018-02-09T21:58:08+08:00 ] ::1 /paper/index.php/Admin/User/showAdmin
INFO: [ app_init ] --START--
INFO: Run Behavior\BuildLiteBehavior [ RunTime:0.000013s ]
INFO: [ app_init ] --END-- [ RunTime:0.000590s ]

[ 2018-02-09T21:58:08+08:00 ] ::1 /paper/index.php/Admin/User/js/raphael-min.js
INFO: [ app_init ] --START--
INFO: Run Behavior\BuildLiteBehavior [ RunTime:0.000024s ]
INFO: [ app_init ] --END-- [ RunTime:0.000759s ]
ERR: 非法操作:js

[ 2018-02-09T21:58:11+08:00 ] ::1 /paper/index.php/Admin/User/showLeader
INFO: [ app_init ] --START--
INFO: Run Behavior\BuildLiteBehavior [ RunTime:0.000022s ]
INFO: [ app_init ] --END-- [ RunTime:0.000768s ]

[ 2018-02-09T21:58:11+08:00 ] ::1 /paper/index.php/Admin/User/js/raphael-min.js
INFO: [ app_init ] --START--
INFO: Run Behavior\BuildLiteBehavior [ RunTime:0.000016s ]
INFO: [ app_init ] --END-- [ RunTime:0.000740s ]
ERR: 非法操作:js

[ 2018-02-09T21:58:14+08:00 ] ::1 /paper/index.php/Admin/User/showTeacher
INFO: [ app_init ] --START--
INFO: Run Behavior\BuildLiteBehavior [ RunTime:0.000013s ]
INFO: [ app_init ] --END-- [ RunTime:0.000928s ]

[ 2018-02-09T21:58:14+08:00 ] ::1 /paper/index.php/Admin/User/js/raphael-min.js
INFO: [ app_init ] --START--
INFO: Run Behavior\BuildLiteBehavior [ RunTime:0.000015s ]
INFO: [ app_init ] --END-- [ RunTime:0.000582s ]
ERR: 非法操作:js

[ 2018-02-09T21:58:17+08:00 ] ::1 /paper/index.php/Admin/User/showStudent
INFO: [ app_init ] --START--
INFO: Run Behavior\BuildLiteBehavior [ RunTime:0.000019s ]
INFO: [ app_init ] --END-- [ RunTime:0.001104s ]

[ 2018-02-09T21:58:17+08:00 ] ::1 /paper/index.php/Admin/User/js/raphael-min.js
INFO: [ app_init ] --START--
INFO: Run Behavior\BuildLiteBehavior [ RunTime:0.000013s ]
INFO: [ app_init ] --END-- [ RunTime:0.000498s ]
ERR: 非法操作:js

[ 2018-02-09T21:58:20+08:00 ] ::1 /paper/index.php/Admin/System/system
INFO: [ app_init ] --START--
INFO: Run Behavior\BuildLiteBehavior [ RunTime:0.000012s ]
INFO: [ app_init ] --END-- [ RunTime:0.000473s ]

[ 2018-02-09T21:58:20+08:00 ] ::1 /paper/index.php/Admin/System/js/raphael-min.js
INFO: [ app_init ] --START--
INFO: Run Behavior\BuildLiteBehavior [ RunTime:0.000016s ]
INFO: [ app_init ] --END-- [ RunTime:0.000559s ]
ERR: 非法操作:js

[ 2018-02-09T21:58:24+08:00 ] ::1 /paper/index.php/Admin/System/edit/id/r0000
INFO: [ app_init ] --START--
INFO: Run Behavior\BuildLiteBehavior [ RunTime:0.000016s ]
INFO: [ app_init ] --END-- [ RunTime:0.000600s ]

[ 2018-02-09T21:58:26+08:00 ] ::1 /paper/index.php/Admin/System/edit/id/js/raphael-min.js
INFO: [ app_init ] --START--
INFO: Run Behavior\BuildLiteBehavior [ RunTime:0.000016s ]
INFO: [ app_init ] --END-- [ RunTime:0.000479s ]

[ 2018-02-09T21:58:29+08:00 ] ::1 /paper/index.php/Admin/System/js/raphael-min.js
INFO: [ app_init ] --START--
INFO: Run Behavior\BuildLiteBehavior [ RunTime:0.000042s ]
INFO: [ app_init ] --END-- [ RunTime:0.001111s ]
ERR: 非法操作:js

[ 2018-02-09T21:58:33+08:00 ] ::1 /paper/index.php/Admin/Student/showGrade
INFO: [ app_init ] --START--
INFO: Run Behavior\BuildLiteBehavior [ RunTime:0.000014s ]
INFO: [ app_init ] --END-- [ RunTime:0.000591s ]

[ 2018-02-09T21:58:33+08:00 ] ::1 /paper/index.php/Admin/Student/js/raphael-min.js
INFO: [ app_init ] --START--
INFO: Run Behavior\BuildLiteBehavior [ RunTime:0.000013s ]
INFO: [ app_init ] --END-- [ RunTime:0.000537s ]
ERR: 非法操作:js

[ 2018-02-09T22:00:55+08:00 ] ::1 /paper/index.php/Admin/Student/showGrade
INFO: [ app_init ] --START--
INFO: Run Behavior\BuildLiteBehavior [ RunTime:0.000012s ]
INFO: [ app_init ] --END-- [ RunTime:0.000519s ]

[ 2018-02-09T22:00:55+08:00 ] ::1 /paper/index.php/Admin/Student/js/raphael-min.js
INFO: [ app_init ] --START--
INFO: Run Behavior\BuildLiteBehavior [ RunTime:0.000012s ]
INFO: [ app_init ] --END-- [ RunTime:0.000478s ]
ERR: 非法操作:js

[ 2018-02-09T22:01:05+08:00 ] ::1 /paper/index.php/Admin/Student/showGrade
INFO: [ app_init ] --START--
INFO: Run Behavior\BuildLiteBehavior [ RunTime:0.000013s ]
INFO: [ app_init ] --END-- [ RunTime:0.000559s ]

[ 2018-02-09T22:01:05+08:00 ] ::1 /paper/index.php/Admin/Student/js/raphael-min.js
INFO: [ app_init ] --START--
INFO: Run Behavior\BuildLiteBehavior [ RunTime:0.000471s ]
INFO: [ app_init ] --END-- [ RunTime:0.002465s ]
ERR: 非法操作:js

