[ 2018-02-10T01:47:04+08:00 ] ::1 /paper/index.php/Admin/index/index
INFO: [ app_init ] --START--
INFO: Run Behavior\BuildLiteBehavior [ RunTime:0.000017s ]
INFO: [ app_init ] --END-- [ RunTime:0.000717s ]

[ 2018-02-10T01:47:04+08:00 ] ::1 /paper/index.php/Admin/index/js/raphael-min.js
INFO: [ app_init ] --START--
INFO: Run Behavior\BuildLiteBehavior [ RunTime:0.000018s ]
INFO: [ app_init ] --END-- [ RunTime:0.000543s ]
ERR: 非法操作:js

[ 2018-02-10T01:47:04+08:00 ] ::1 /paper/index.php/Admin/index/js/raphael-min.js
INFO: [ app_init ] --START--
INFO: Run Behavior\BuildLiteBehavior [ RunTime:0.000013s ]
INFO: [ app_init ] --END-- [ RunTime:0.000376s ]
ERR: 非法操作:js

[ 2018-02-10T01:47:06+08:00 ] ::1 /paper/index.php/Admin/index/index.html
INFO: [ app_init ] --START--
INFO: Run Behavior\BuildLiteBehavior [ RunTime:0.000014s ]
INFO: [ app_init ] --END-- [ RunTime:0.000452s ]

[ 2018-02-10T01:47:06+08:00 ] ::1 /paper/index.php/Admin/index/js/raphael-min.js
INFO: [ app_init ] --START--
INFO: Run Behavior\BuildLiteBehavior [ RunTime:0.000017s ]
INFO: [ app_init ] --END-- [ RunTime:0.000568s ]
ERR: 非法操作:js

[ 2018-02-10T01:51:49+08:00 ] ::1 /paper/index.php/Admin/index/index.html
INFO: [ app_init ] --START--
INFO: Run Behavior\BuildLiteBehavior [ RunTime:0.000011s ]
INFO: [ app_init ] --END-- [ RunTime:0.000428s ]

[ 2018-02-10T01:51:49+08:00 ] ::1 /paper/index.php/Admin/index/js/raphael-min.js
INFO: [ app_init ] --START--
INFO: Run Behavior\BuildLiteBehavior [ RunTime:0.000020s ]
INFO: [ app_init ] --END-- [ RunTime:0.000636s ]
ERR: 非法操作:js

[ 2018-02-10T01:51:51+08:00 ] ::1 /paper/index.php/Admin/index/index.html
INFO: [ app_init ] --START--
INFO: Run Behavior\BuildLiteBehavior [ RunTime:0.000016s ]
INFO: [ app_init ] --END-- [ RunTime:0.000474s ]

[ 2018-02-10T01:51:51+08:00 ] ::1 /paper/index.php/Admin/index/js/raphael-min.js
INFO: [ app_init ] --START--
INFO: Run Behavior\BuildLiteBehavior [ RunTime:0.000015s ]
INFO: [ app_init ] --END-- [ RunTime:0.000530s ]
ERR: 非法操作:js

[ 2018-02-10T01:52:05+08:00 ] ::1 /paper/index.php/Admin/index/index.html
INFO: [ app_init ] --START--
INFO: Run Behavior\BuildLiteBehavior [ RunTime:0.000020s ]
INFO: [ app_init ] --END-- [ RunTime:0.000734s ]

[ 2018-02-10T01:52:06+08:00 ] ::1 /paper/index.php/Admin/index/js/raphael-min.js
INFO: [ app_init ] --START--
INFO: Run Behavior\BuildLiteBehavior [ RunTime:0.000019s ]
INFO: [ app_init ] --END-- [ RunTime:0.000548s ]
ERR: 非法操作:js

[ 2018-02-10T01:53:01+08:00 ] ::1 /paper/index.php/Admin/index/index.html
INFO: [ app_init ] --START--
INFO: Run Behavior\BuildLiteBehavior [ RunTime:0.000013s ]
INFO: [ app_init ] --END-- [ RunTime:0.000527s ]

[ 2018-02-10T01:53:09+08:00 ] ::1 /paper/index.php/Admin/index/index.html
INFO: [ app_init ] --START--
INFO: Run Behavior\BuildLiteBehavior [ RunTime:0.000012s ]
INFO: [ app_init ] --END-- [ RunTime:0.000472s ]

[ 2018-02-10T01:53:33+08:00 ] ::1 /paper/index.php/Admin/index/index.html
INFO: [ app_init ] --START--
INFO: Run Behavior\BuildLiteBehavior [ RunTime:0.000029s ]
INFO: [ app_init ] --END-- [ RunTime:0.000400s ]

[ 2018-02-10T01:53:33+08:00 ] ::1 /paper/index.php/Admin/login/index.html
INFO: [ app_init ] --START--
INFO: Run Behavior\BuildLiteBehavior [ RunTime:0.000014s ]
INFO: [ app_init ] --END-- [ RunTime:0.000457s ]

[ 2018-02-10T01:53:34+08:00 ] ::1 /paper/index.php/Admin/login/favicon.ico
INFO: [ app_init ] --START--
INFO: Run Behavior\BuildLiteBehavior [ RunTime:0.000010s ]
INFO: [ app_init ] --END-- [ RunTime:0.000336s ]

[ 2018-02-10T01:54:26+08:00 ] ::1 /paper/index.php/Admin/login/index.html
INFO: [ app_init ] --START--
INFO: Run Behavior\BuildLiteBehavior [ RunTime:0.000012s ]
INFO: [ app_init ] --END-- [ RunTime:0.000349s ]

[ 2018-02-10T01:55:08+08:00 ] ::1 /paper/index.php/Admin/Login/Login_check?kind=%27paper_system%27
INFO: [ app_init ] --START--
INFO: Run Behavior\BuildLiteBehavior [ RunTime:0.000019s ]
INFO: [ app_init ] --END-- [ RunTime:0.000639s ]

[ 2018-02-10T01:55:09+08:00 ] ::1 /paper/index.php/Admin/Index/index.html
INFO: [ app_init ] --START--
INFO: Run Behavior\BuildLiteBehavior [ RunTime:0.000012s ]
INFO: [ app_init ] --END-- [ RunTime:0.000347s ]

[ 2018-02-10T01:55:09+08:00 ] ::1 /paper/index.php/Admin/Index/js/raphael-min.js
INFO: [ app_init ] --START--
INFO: Run Behavior\BuildLiteBehavior [ RunTime:0.000024s ]
INFO: [ app_init ] --END-- [ RunTime:0.000935s ]
ERR: 非法操作:js

[ 2018-02-10T13:13:55+08:00 ] ::1 /paper/index.php/Admin/Index/js/raphael-min.js
INFO: [ app_init ] --START--
INFO: Run Behavior\BuildLiteBehavior [ RunTime:0.000018s ]
INFO: [ app_init ] --END-- [ RunTime:0.002784s ]
ERR: 非法操作:js

